14:15:17 27 February 2015 
   at System.IO.__Error.WinIOError(Int32 errorCode, String maybeFullPath)
   at System.IO.FileSystemEnumerableIterator`1.CommonInit()
   at System.IO.FileSystemEnumerableIterator`1..ctor(String path, String originalUserPath, String searchPattern, SearchOption searchOption, SearchResultHandler`1 resultHandler, Boolean checkHost)
   at System.IO.DirectoryInfo.InternalGetDirectories(String searchPattern, SearchOption searchOption)
   at AppedoLT.DataAccessLayer.Result.GetReportNameList(String ReportName) in e:\AppedoLT\AppedoLT.DataAccessLayer\Result.cs:line 42
   at AppedoLT.userControlReports.LoadReportName(String repoerName) in e:\AppedoLT\AppedoLT\Report\userControlReports.cs:line 66Could not find a part of the path 'E:\AppedoLT\AppedoLT\bin\Debug\Data'.
---------------------------------------
14:44:06 27 February 2015 
A blocking operation was interrupted by a call to WSACancelBlockingCall
   at System.Net.Sockets.Socket.Accept()
   at System.Net.Sockets.TcpListener.AcceptTcpClient()
   at AppedoLT.Record.DoWork(Object sender, DoWorkEventArgs e) in e:\AppedoLT\AppedoLT\Class\Record.cs:line 217
---------------------------------------
11:00:29 02 March 2015 
   at AppedoLT.ucDesign.LoadTreeItem() in e:\AppedoLT\AppedoLT\ucDesign.cs:line 56
Object reference not set to an instance of an object.
---------------------------------------
11:00:39 02 March 2015 
   at AppedoLT.VuscriptXml.GetScriptName() in e:\AppedoLT\AppedoLT\Class\VuscriptXml.cs:line 117
Object reference not set to an instance of an object.
---------------------------------------
11:00:39 02 March 2015 
   at AppedoLT.VuscriptXml.GetScriptName() in e:\AppedoLT\AppedoLT\Class\VuscriptXml.cs:line 117
Object reference not set to an instance of an object.
---------------------------------------
11:01:19 02 March 2015 
   at AppedoLT.ucDesign.btnTCPIPRecord_Click(Object sender, EventArgs e) in e:\AppedoLT\AppedoLT\ucDesign.cs:line 1001
Object reference not set to an instance of an object.
---------------------------------------
11:02:19 02 March 2015 
   at AppedoLT.ucDesign.LoadTreeItem() in e:\AppedoLT\AppedoLT\ucDesign.cs:line 56
Object reference not set to an instance of an object.
---------------------------------------
11:02:24 02 March 2015 
   at AppedoLT.VuscriptXml.GetScriptName() in e:\AppedoLT\AppedoLT\Class\VuscriptXml.cs:line 117
Object reference not set to an instance of an object.
---------------------------------------
11:02:24 02 March 2015 
   at AppedoLT.VuscriptXml.GetScriptName() in e:\AppedoLT\AppedoLT\Class\VuscriptXml.cs:line 117
Object reference not set to an instance of an object.
---------------------------------------
11:03:46 02 March 2015 
   at AppedoLT.ucDesign.LoadTreeItem() in e:\AppedoLT\AppedoLT\ucDesign.cs:line 56
Object reference not set to an instance of an object.
---------------------------------------
11:03:56 02 March 2015 
   at AppedoLT.VuscriptXml.GetScriptName() in e:\AppedoLT\AppedoLT\Class\VuscriptXml.cs:line 117
Object reference not set to an instance of an object.
---------------------------------------
11:03:56 02 March 2015 
   at AppedoLT.VuscriptXml.GetScriptName() in e:\AppedoLT\AppedoLT\Class\VuscriptXml.cs:line 117
Object reference not set to an instance of an object.
---------------------------------------
11:03:56 02 March 2015 
   at AppedoLT.VuscriptXml.GetScriptName() in e:\AppedoLT\AppedoLT\Class\VuscriptXml.cs:line 117
Object reference not set to an instance of an object.
---------------------------------------
11:06:18 02 March 2015 
   at AppedoLT.ucDesign.btnTCPIPRecord_Click(Object sender, EventArgs e) in e:\AppedoLT\AppedoLT\ucDesign.cs:line 1001
Object reference not set to an instance of an object.
---------------------------------------
11:06:18 02 March 2015 
   at AppedoLT.VuscriptXml.GetScriptName() in e:\AppedoLT\AppedoLT\Class\VuscriptXml.cs:line 117
Object reference not set to an instance of an object.
---------------------------------------
11:06:18 02 March 2015 
   at AppedoLT.VuscriptXml.GetScriptName() in e:\AppedoLT\AppedoLT\Class\VuscriptXml.cs:line 117
Object reference not set to an instance of an object.
---------------------------------------
11:06:18 02 March 2015 
   at AppedoLT.VuscriptXml.GetScriptName() in e:\AppedoLT\AppedoLT\Class\VuscriptXml.cs:line 117
Object reference not set to an instance of an object.
---------------------------------------
11:06:18 02 March 2015 
   at AppedoLT.VuscriptXml.GetScriptName() in e:\AppedoLT\AppedoLT\Class\VuscriptXml.cs:line 117
Object reference not set to an instance of an object.
---------------------------------------
11:07:41 02 March 2015 
   at AppedoLT.ucDesign.LoadTreeItem() in e:\AppedoLT\AppedoLT\ucDesign.cs:line 56
Object reference not set to an instance of an object.
---------------------------------------
11:07:47 02 March 2015 
   at AppedoLT.VuscriptXml.GetScriptName() in e:\AppedoLT\AppedoLT\Class\VuscriptXml.cs:line 117
Object reference not set to an instance of an object.
---------------------------------------
11:07:47 02 March 2015 
   at AppedoLT.VuscriptXml.GetScriptName() in e:\AppedoLT\AppedoLT\Class\VuscriptXml.cs:line 117
Object reference not set to an instance of an object.
---------------------------------------
11:07:47 02 March 2015 
   at AppedoLT.VuscriptXml.GetScriptName() in e:\AppedoLT\AppedoLT\Class\VuscriptXml.cs:line 117
Object reference not set to an instance of an object.
---------------------------------------
11:07:47 02 March 2015 
   at AppedoLT.VuscriptXml.GetScriptName() in e:\AppedoLT\AppedoLT\Class\VuscriptXml.cs:line 117
Object reference not set to an instance of an object.
---------------------------------------
11:07:47 02 March 2015 
   at AppedoLT.VuscriptXml.GetScriptName() in e:\AppedoLT\AppedoLT\Class\VuscriptXml.cs:line 117
Object reference not set to an instance of an object.
---------------------------------------
11:12:38 02 March 2015 
   at AppedoLT.ucDesign.tvRequest_SelectedNodeChanged(Object sender, RadTreeViewEventArgs e) in e:\AppedoLT\AppedoLT\ucDesign.cs:line 760
Unable to cast object of type 'System.Xml.XmlElement' to type 'AppedoLT.VuscriptXml'.
---------------------------------------
11:15:13 02 March 2015 
   at AppedoLT.ucDesign.LoadTreeItem() in e:\AppedoLT\AppedoLT\ucDesign.cs:line 56
Object reference not set to an instance of an object.
---------------------------------------
11:15:23 02 March 2015 
   at AppedoLT.VuscriptXml.GetScriptName() in e:\AppedoLT\AppedoLT\Class\VuscriptXml.cs:line 117
Object reference not set to an instance of an object.
---------------------------------------
11:15:53 02 March 2015 
   at System.IO.__Error.WinIOError(Int32 errorCode, String maybeFullPath)
   at System.IO.FileSystemEnumerableIterator`1.CommonInit()
   at System.IO.FileSystemEnumerableIterator`1..ctor(String path, String originalUserPath, String searchPattern, SearchOption searchOption, SearchResultHandler`1 resultHandler, Boolean checkHost)
   at System.IO.DirectoryInfo.InternalGetFiles(String searchPattern, SearchOption searchOption)
   at AppedoLT.VuscriptXml.Save(Boolean deleteUnwantedResource) in e:\AppedoLT\AppedoLT\Class\VuscriptXml.cs:line 88
Could not find a part of the path 'E:\AppedoLT\AppedoLT\bin\Debug\Scripts\478590325'.
---------------------------------------
11:19:06 02 March 2015 
   at System.IO.__Error.WinIOError(Int32 errorCode, String maybeFullPath)
   at System.IO.FileSystemEnumerableIterator`1.CommonInit()
   at System.IO.FileSystemEnumerableIterator`1..ctor(String path, String originalUserPath, String searchPattern, SearchOption searchOption, SearchResultHandler`1 resultHandler, Boolean checkHost)
   at System.IO.DirectoryInfo.InternalGetFiles(String searchPattern, SearchOption searchOption)
   at AppedoLT.VuscriptXml.Save(Boolean deleteUnwantedResource) in e:\AppedoLT\AppedoLT\Class\VuscriptXml.cs:line 88
Could not find a part of the path 'E:\AppedoLT\AppedoLT\bin\Debug\Scripts\478590325'.
---------------------------------------
11:33:58 02 March 2015 
   at System.IO.__Error.WinIOError(Int32 errorCode, String maybeFullPath)
   at System.IO.FileSystemEnumerableIterator`1.CommonInit()
   at System.IO.FileSystemEnumerableIterator`1..ctor(String path, String originalUserPath, String searchPattern, SearchOption searchOption, SearchResultHandler`1 resultHandler, Boolean checkHost)
   at System.IO.DirectoryInfo.InternalGetFiles(String searchPattern, SearchOption searchOption)
   at AppedoLT.VuscriptXml.Save(Boolean deleteUnwantedResource) in e:\AppedoLT\AppedoLT\Class\VuscriptXml.cs:line 88
Could not find a part of the path 'E:\AppedoLT\AppedoLT\bin\Debug\Scripts\478590325'.
---------------------------------------
11:33:58 02 March 2015 
   at System.IO.__Error.WinIOError(Int32 errorCode, String maybeFullPath)
   at System.IO.FileSystemEnumerableIterator`1.CommonInit()
   at System.IO.FileSystemEnumerableIterator`1..ctor(String path, String originalUserPath, String searchPattern, SearchOption searchOption, SearchResultHandler`1 resultHandler, Boolean checkHost)
   at System.IO.DirectoryInfo.InternalGetFiles(String searchPattern, SearchOption searchOption)
   at AppedoLT.VuscriptXml.Save(Boolean deleteUnwantedResource) in e:\AppedoLT\AppedoLT\Class\VuscriptXml.cs:line 88
Could not find a part of the path 'E:\AppedoLT\AppedoLT\bin\Debug\Scripts\478591412'.
---------------------------------------
11:36:15 02 March 2015 
   at System.IO.__Error.WinIOError(Int32 errorCode, String maybeFullPath)
   at System.IO.FileSystemEnumerableIterator`1.CommonInit()
   at System.IO.FileSystemEnumerableIterator`1..ctor(String path, String originalUserPath, String searchPattern, SearchOption searchOption, SearchResultHandler`1 resultHandler, Boolean checkHost)
   at System.IO.DirectoryInfo.InternalGetFiles(String searchPattern, SearchOption searchOption)
   at AppedoLT.VuscriptXml.Save(Boolean deleteUnwantedResource) in e:\AppedoLT\AppedoLT\Class\VuscriptXml.cs:line 88
Could not find a part of the path 'E:\AppedoLT\AppedoLT\bin\Debug\Scripts\478590325'.
---------------------------------------
11:37:49 02 March 2015 
   at System.IO.__Error.WinIOError(Int32 errorCode, String maybeFullPath)
   at System.IO.FileSystemEnumerableIterator`1.CommonInit()
   at System.IO.FileSystemEnumerableIterator`1..ctor(String path, String originalUserPath, String searchPattern, SearchOption searchOption, SearchResultHandler`1 resultHandler, Boolean checkHost)
   at System.IO.DirectoryInfo.InternalGetFiles(String searchPattern, SearchOption searchOption)
   at AppedoLT.VuscriptXml.Save(Boolean deleteUnwantedResource) in e:\AppedoLT\AppedoLT\Class\VuscriptXml.cs:line 88
Could not find a part of the path 'E:\AppedoLT\AppedoLT\bin\Debug\Scripts\478590325'.
---------------------------------------
11:38:04 02 March 2015 
   at System.IO.__Error.WinIOError(Int32 errorCode, String maybeFullPath)
   at System.IO.FileSystemEnumerableIterator`1.CommonInit()
   at System.IO.FileSystemEnumerableIterator`1..ctor(String path, String originalUserPath, String searchPattern, SearchOption searchOption, SearchResultHandler`1 resultHandler, Boolean checkHost)
   at System.IO.DirectoryInfo.InternalGetFiles(String searchPattern, SearchOption searchOption)
   at AppedoLT.VuscriptXml.Save(Boolean deleteUnwantedResource) in e:\AppedoLT\AppedoLT\Class\VuscriptXml.cs:line 88
Could not find a part of the path 'E:\AppedoLT\AppedoLT\bin\Debug\Scripts\478590325'.
---------------------------------------
11:38:04 02 March 2015 
   at System.IO.__Error.WinIOError(Int32 errorCode, String maybeFullPath)
   at System.IO.FileSystemEnumerableIterator`1.CommonInit()
   at System.IO.FileSystemEnumerableIterator`1..ctor(String path, String originalUserPath, String searchPattern, SearchOption searchOption, SearchResultHandler`1 resultHandler, Boolean checkHost)
   at System.IO.DirectoryInfo.InternalGetFiles(String searchPattern, SearchOption searchOption)
   at AppedoLT.VuscriptXml.Save(Boolean deleteUnwantedResource) in e:\AppedoLT\AppedoLT\Class\VuscriptXml.cs:line 88
Could not find a part of the path 'E:\AppedoLT\AppedoLT\bin\Debug\Scripts\478591412'.
---------------------------------------
11:39:52 02 March 2015 
   at System.IO.__Error.WinIOError(Int32 errorCode, String maybeFullPath)
   at System.IO.FileSystemEnumerableIterator`1.CommonInit()
   at System.IO.FileSystemEnumerableIterator`1..ctor(String path, String originalUserPath, String searchPattern, SearchOption searchOption, SearchResultHandler`1 resultHandler, Boolean checkHost)
   at System.IO.DirectoryInfo.InternalGetFiles(String searchPattern, SearchOption searchOption)
   at AppedoLT.VuscriptXml.Save(Boolean deleteUnwantedResource) in e:\AppedoLT\AppedoLT\Class\VuscriptXml.cs:line 88
Could not find a part of the path 'E:\AppedoLT\AppedoLT\bin\Debug\Scripts\478590325'.
---------------------------------------
11:39:52 02 March 2015 
   at System.IO.__Error.WinIOError(Int32 errorCode, String maybeFullPath)
   at System.IO.FileSystemEnumerableIterator`1.CommonInit()
   at System.IO.FileSystemEnumerableIterator`1..ctor(String path, String originalUserPath, String searchPattern, SearchOption searchOption, SearchResultHandler`1 resultHandler, Boolean checkHost)
   at System.IO.DirectoryInfo.InternalGetFiles(String searchPattern, SearchOption searchOption)
   at AppedoLT.VuscriptXml.Save(Boolean deleteUnwantedResource) in e:\AppedoLT\AppedoLT\Class\VuscriptXml.cs:line 88
Could not find a part of the path 'E:\AppedoLT\AppedoLT\bin\Debug\Scripts\478591412'.
---------------------------------------
11:41:27 02 March 2015 
   at AppedoLT.frmReplaceServer.GetCurrent(VuscriptXml vuscript) in e:\AppedoLT\AppedoLT\frmReplaceServer.cs:line 34
   at AppedoLT.frmReplaceServer..ctor(VuscriptXml vuscript) in e:\AppedoLT\AppedoLT\frmReplaceServer.cs:line 22
   at AppedoLT.ucDesign.replaceServerToolStripMenuItem_Click(Object sender, EventArgs e) in e:\AppedoLT\AppedoLT\ucDesign.cs:line 1163
   at System.Windows.Forms.ToolStripMenuItem.OnClick(EventArgs e)
   at System.Windows.Forms.ToolStripItem.HandleClick(EventArgs e)
   at System.Windows.Forms.ToolStripItem.HandleMouseUp(MouseEventArgs e)
   at System.Windows.Forms.ToolStrip.OnMouseUp(MouseEventArgs mea)
   at System.Windows.Forms.ToolStripDropDown.OnMouseUp(MouseEventArgs mea)
   at System.Windows.Forms.Control.WmMouseUp(Message& m, MouseButtons button, Int32 clicks)
   at System.Windows.Forms.Control.WndProc(Message& m)
   at System.Windows.Forms.ToolStrip.WndProc(Message& m)
   at System.Windows.Forms.ToolStripDropDown.WndProc(Message& m)
   at System.Windows.Forms.NativeWindow.DebuggableCallback(IntPtr hWnd, Int32 msg, IntPtr wparam, IntPtr lparam)
   at System.Windows.Forms.UnsafeNativeMethods.DispatchMessageW(MSG& msg)
   at System.Windows.Forms.Application.ComponentManager.System.Windows.Forms.UnsafeNativeMethods.IMsoComponentManager.FPushMessageLoop(IntPtr dwComponentID, Int32 reason, Int32 pvLoopData)
   at System.Windows.Forms.Application.ThreadContext.RunMessageLoopInner(Int32 reason, ApplicationContext context)
   at System.Windows.Forms.Application.ThreadContext.RunMessageLoop(Int32 reason, ApplicationContext context)
   at AppedoLT.Program.Main() in e:\AppedoLT\AppedoLT\Program.cs:line 40
Object reference not set to an instance of an object.
---------------------------------------
11:42:11 02 March 2015 
   at System.IO.__Error.WinIOError(Int32 errorCode, String maybeFullPath)
   at System.IO.FileSystemEnumerableIterator`1.CommonInit()
   at System.IO.FileSystemEnumerableIterator`1..ctor(String path, String originalUserPath, String searchPattern, SearchOption searchOption, SearchResultHandler`1 resultHandler, Boolean checkHost)
   at System.IO.DirectoryInfo.InternalGetFiles(String searchPattern, SearchOption searchOption)
   at AppedoLT.VuscriptXml.Save(Boolean deleteUnwantedResource) in e:\AppedoLT\AppedoLT\Class\VuscriptXml.cs:line 88
Could not find a part of the path 'E:\AppedoLT\AppedoLT\bin\Debug\Scripts\478590325'.
---------------------------------------
11:45:06 02 March 2015 
Cannot access a closed Stream.
   at System.IO.MemoryStream.set_Position(Int64 value)
   at AppedoLT.Record.StoreResult() in e:\AppedoLT\AppedoLT\Class\Record.cs:line 669
---------------------------------------
11:45:11 02 March 2015 
Cannot access a closed Stream.
   at System.IO.MemoryStream.set_Position(Int64 value)
   at AppedoLT.Record.StoreResult() in e:\AppedoLT\AppedoLT\Class\Record.cs:line 669
---------------------------------------
11:45:11 02 March 2015 
A blocking operation was interrupted by a call to WSACancelBlockingCall
   at System.Net.Sockets.Socket.Accept()
   at System.Net.Sockets.TcpListener.AcceptTcpClient()
   at AppedoLT.Record.DoWork(Object sender, DoWorkEventArgs e) in e:\AppedoLT\AppedoLT\Class\Record.cs:line 217
---------------------------------------
11:53:01 02 March 2015 
   at System.IO.__Error.WinIOError(Int32 errorCode, String maybeFullPath)
   at System.IO.FileSystemEnumerableIterator`1.CommonInit()
   at System.IO.FileSystemEnumerableIterator`1..ctor(String path, String originalUserPath, String searchPattern, SearchOption searchOption, SearchResultHandler`1 resultHandler, Boolean checkHost)
   at System.IO.DirectoryInfo.InternalGetFiles(String searchPattern, SearchOption searchOption)
   at AppedoLT.VuscriptXml.Save(Boolean deleteUnwantedResource) in e:\AppedoLT\AppedoLT\Class\VuscriptXml.cs:line 88
Could not find a part of the path 'E:\AppedoLT\AppedoLT\bin\Debug\Scripts\478590325'.
---------------------------------------
11:53:01 02 March 2015 
   at System.IO.__Error.WinIOError(Int32 errorCode, String maybeFullPath)
   at System.IO.FileSystemEnumerableIterator`1.CommonInit()
   at System.IO.FileSystemEnumerableIterator`1..ctor(String path, String originalUserPath, String searchPattern, SearchOption searchOption, SearchResultHandler`1 resultHandler, Boolean checkHost)
   at System.IO.DirectoryInfo.InternalGetFiles(String searchPattern, SearchOption searchOption)
   at AppedoLT.VuscriptXml.Save(Boolean deleteUnwantedResource) in e:\AppedoLT\AppedoLT\Class\VuscriptXml.cs:line 88
Could not find a part of the path 'E:\AppedoLT\AppedoLT\bin\Debug\Scripts\478591412'.
---------------------------------------
11:54:19 02 March 2015 
   at System.IO.__Error.WinIOError(Int32 errorCode, String maybeFullPath)
   at System.IO.FileSystemEnumerableIterator`1.CommonInit()
   at System.IO.FileSystemEnumerableIterator`1..ctor(String path, String originalUserPath, String searchPattern, SearchOption searchOption, SearchResultHandler`1 resultHandler, Boolean checkHost)
   at System.IO.DirectoryInfo.InternalGetFiles(String searchPattern, SearchOption searchOption)
   at AppedoLT.VuscriptXml.Save(Boolean deleteUnwantedResource) in e:\AppedoLT\AppedoLT\Class\VuscriptXml.cs:line 88
Could not find a part of the path 'E:\AppedoLT\AppedoLT\bin\Debug\Scripts\478590325'.
---------------------------------------
11:54:19 02 March 2015 
   at System.IO.__Error.WinIOError(Int32 errorCode, String maybeFullPath)
   at System.IO.FileSystemEnumerableIterator`1.CommonInit()
   at System.IO.FileSystemEnumerableIterator`1..ctor(String path, String originalUserPath, String searchPattern, SearchOption searchOption, SearchResultHandler`1 resultHandler, Boolean checkHost)
   at System.IO.DirectoryInfo.InternalGetFiles(String searchPattern, SearchOption searchOption)
   at AppedoLT.VuscriptXml.Save(Boolean deleteUnwantedResource) in e:\AppedoLT\AppedoLT\Class\VuscriptXml.cs:line 88
Could not find a part of the path 'E:\AppedoLT\AppedoLT\bin\Debug\Scripts\478591412'.
---------------------------------------
11:58:43 02 March 2015 
   at System.IO.__Error.WinIOError(Int32 errorCode, String maybeFullPath)
   at System.IO.FileSystemEnumerableIterator`1.CommonInit()
   at System.IO.FileSystemEnumerableIterator`1..ctor(String path, String originalUserPath, String searchPattern, SearchOption searchOption, SearchResultHandler`1 resultHandler, Boolean checkHost)
   at System.IO.DirectoryInfo.InternalGetFiles(String searchPattern, SearchOption searchOption)
   at AppedoLT.VuscriptXml.Save(Boolean deleteUnwantedResource) in e:\AppedoLT\AppedoLT\Class\VuscriptXml.cs:line 88
Could not find a part of the path 'E:\AppedoLT\AppedoLT\bin\Debug\Scripts\478590325'.
---------------------------------------
11:58:43 02 March 2015 
   at System.IO.__Error.WinIOError(Int32 errorCode, String maybeFullPath)
   at System.IO.FileSystemEnumerableIterator`1.CommonInit()
   at System.IO.FileSystemEnumerableIterator`1..ctor(String path, String originalUserPath, String searchPattern, SearchOption searchOption, SearchResultHandler`1 resultHandler, Boolean checkHost)
   at System.IO.DirectoryInfo.InternalGetFiles(String searchPattern, SearchOption searchOption)
   at AppedoLT.VuscriptXml.Save(Boolean deleteUnwantedResource) in e:\AppedoLT\AppedoLT\Class\VuscriptXml.cs:line 88
Could not find a part of the path 'E:\AppedoLT\AppedoLT\bin\Debug\Scripts\478591412'.
---------------------------------------
12:04:27 02 March 2015 
   at System.IO.__Error.WinIOError(Int32 errorCode, String maybeFullPath)
   at System.IO.FileSystemEnumerableIterator`1.CommonInit()
   at System.IO.FileSystemEnumerableIterator`1..ctor(String path, String originalUserPath, String searchPattern, SearchOption searchOption, SearchResultHandler`1 resultHandler, Boolean checkHost)
   at System.IO.DirectoryInfo.InternalGetFiles(String searchPattern, SearchOption searchOption)
   at AppedoLT.VuscriptXml.Save(Boolean deleteUnwantedResource) in e:\AppedoLT\AppedoLT\Class\VuscriptXml.cs:line 88
Could not find a part of the path 'E:\AppedoLT\AppedoLT\bin\Debug\Scripts\478590325'.
---------------------------------------
12:04:42 02 March 2015 
   at System.IO.__Error.WinIOError(Int32 errorCode, String maybeFullPath)
   at System.IO.FileSystemEnumerableIterator`1.CommonInit()
   at System.IO.FileSystemEnumerableIterator`1..ctor(String path, String originalUserPath, String searchPattern, SearchOption searchOption, SearchResultHandler`1 resultHandler, Boolean checkHost)
   at System.IO.DirectoryInfo.InternalGetFiles(String searchPattern, SearchOption searchOption)
   at AppedoLT.VuscriptXml.Save(Boolean deleteUnwantedResource) in e:\AppedoLT\AppedoLT\Class\VuscriptXml.cs:line 88
Could not find a part of the path 'E:\AppedoLT\AppedoLT\bin\Debug\Scripts\478590325'.
---------------------------------------
12:06:27 02 March 2015 
   at AppedoLT.ucDesign.LoadTreeItem() in e:\AppedoLT\AppedoLT\ucDesign.cs:line 56
Object reference not set to an instance of an object.
---------------------------------------
12:08:46 02 March 2015 
   at AppedoLT.ucDesign.LoadTreeItem() in e:\AppedoLT\AppedoLT\ucDesign.cs:line 56
Object reference not set to an instance of an object.
---------------------------------------
12:08:56 02 March 2015 
   at AppedoLT.VuscriptXml.GetScriptidAndName() in e:\AppedoLT\AppedoLT\Class\VuscriptXml.cs:line 140
Object reference not set to an instance of an object.
---------------------------------------
12:12:25 02 March 2015 
   at System.IO.__Error.WinIOError(Int32 errorCode, String maybeFullPath)
   at System.IO.FileSystemEnumerableIterator`1.CommonInit()
   at System.IO.FileSystemEnumerableIterator`1..ctor(String path, String originalUserPath, String searchPattern, SearchOption searchOption, SearchResultHandler`1 resultHandler, Boolean checkHost)
   at System.IO.DirectoryInfo.InternalGetFiles(String searchPattern, SearchOption searchOption)
   at AppedoLT.VuscriptXml.Save(Boolean deleteUnwantedResource) in e:\AppedoLT\AppedoLT\Class\VuscriptXml.cs:line 88
Could not find a part of the path 'E:\AppedoLT\AppedoLT\bin\Debug\Scripts\478593722'.
---------------------------------------
12:15:03 02 March 2015 
   at System.IO.__Error.WinIOError(Int32 errorCode, String maybeFullPath)
   at System.IO.FileSystemEnumerableIterator`1.CommonInit()
   at System.IO.FileSystemEnumerableIterator`1..ctor(String path, String originalUserPath, String searchPattern, SearchOption searchOption, SearchResultHandler`1 resultHandler, Boolean checkHost)
   at System.IO.DirectoryInfo.InternalGetFiles(String searchPattern, SearchOption searchOption)
   at AppedoLT.VuscriptXml.Save(Boolean deleteUnwantedResource) in e:\AppedoLT\AppedoLT\Class\VuscriptXml.cs:line 88
Could not find a part of the path 'E:\AppedoLT\AppedoLT\bin\Debug\Scripts\478593880'.
---------------------------------------
12:17:26 02 March 2015 
   at AppedoLT.VuscriptXml.GetScriptidAndName() in e:\AppedoLT\AppedoLT\Class\VuscriptXml.cs:line 140
Object reference not set to an instance of an object.
---------------------------------------
12:19:42 02 March 2015 
   at AppedoLT.ucDesign.LoadTreeItem() in e:\AppedoLT\AppedoLT\ucDesign.cs:line 56
Object reference not set to an instance of an object.
---------------------------------------
12:19:52 02 March 2015 
   at AppedoLT.VuscriptXml.GetScriptidAndName() in e:\AppedoLT\AppedoLT\Class\VuscriptXml.cs:line 140
Object reference not set to an instance of an object.
---------------------------------------
12:29:01 02 March 2015 
   at AppedoLT.BusinessLogic.TcpRequest.GetResponse() in e:\AppedoLT\AppedoLT.BusinessLogic\TcpRequest.cs:line 161
Object reference not set to an instance of an object.
---------------------------------------
12:29:11 02 March 2015 
   at System.Convert.ToInt32(Double value)
   at AppedoLT.Design.<UpdateReportStatus>b__6() in e:\AppedoLT\AppedoLT\Design.cs:line 674
Value was either too large or too small for an Int32.
---------------------------------------
14:49:45 02 March 2015 
A blocking operation was interrupted by a call to WSACancelBlockingCall
   at System.Net.Sockets.Socket.Accept()
   at System.Net.Sockets.TcpListener.AcceptTcpClient()
   at AppedoLT.Record.DoWork(Object sender, DoWorkEventArgs e) in e:\AppedoLT\AppedoLT\Class\Record.cs:line 217
---------------------------------------
14:54:26 02 March 2015 
   at AppedoLT.BusinessLogic.TcpRequest.GetResponse() in e:\AppedoLT\AppedoLT.BusinessLogic\TcpRequest.cs:line 161
Object reference not set to an instance of an object.
---------------------------------------
14:54:36 02 March 2015 
   at System.Convert.ToInt32(Double value)
   at AppedoLT.Design.<UpdateReportStatus>b__6() in e:\AppedoLT\AppedoLT\Design.cs:line 681
Value was either too large or too small for an Int32.
---------------------------------------
15:12:58 02 March 2015 
   at System.Number.StringToNumber(String str, NumberStyles options, NumberBuffer& number, NumberFormatInfo info, Boolean parseDecimal)
   at System.Number.ParseInt32(String s, NumberStyles style, NumberFormatInfo info)
   at AppedoLT.Core.Trasport.Receive() in e:\AppedoLT\AppedoLT.Core\TrasportLayer.cs:line 81
   at AppedoLT.ucScript.btnUpload_Click_1(Object sender, EventArgs e) in e:\AppedoLT\AppedoLT\Design\UserControls\ucScript.cs:line 322
Input string was not in a correct format.
---------------------------------------
15:13:13 02 March 2015 
   at System.Number.StringToNumber(String str, NumberStyles options, NumberBuffer& number, NumberFormatInfo info, Boolean parseDecimal)
   at System.Number.ParseInt32(String s, NumberStyles style, NumberFormatInfo info)
   at AppedoLT.Core.Trasport.Receive() in e:\AppedoLT\AppedoLT.Core\TrasportLayer.cs:line 81
   at AppedoLT.ucScript.btnUpload_Click_1(Object sender, EventArgs e) in e:\AppedoLT\AppedoLT\Design\UserControls\ucScript.cs:line 322
Input string was not in a correct format.
---------------------------------------
15:58:45 02 March 2015 
   at System.Number.StringToNumber(String str, NumberStyles options, NumberBuffer& number, NumberFormatInfo info, Boolean parseDecimal)
   at System.Number.ParseInt32(String s, NumberStyles style, NumberFormatInfo info)
   at AppedoLT.Core.Trasport.Receive() in e:\AppedoLT\AppedoLT.Core\TrasportLayer.cs:line 81
   at AppedoLT.ucScript.btnUpload_Click_1(Object sender, EventArgs e) in e:\AppedoLT\AppedoLT\Design\UserControls\ucScript.cs:line 322
Input string was not in a correct format.
---------------------------------------
16:06:00 02 March 2015 
   at System.Number.StringToNumber(String str, NumberStyles options, NumberBuffer& number, NumberFormatInfo info, Boolean parseDecimal)
   at System.Number.ParseInt32(String s, NumberStyles style, NumberFormatInfo info)
   at AppedoLT.Core.Trasport.Receive() in e:\AppedoLT\AppedoLT.Core\TrasportLayer.cs:line 81
   at AppedoLT.ucScript.btnUpload_Click_1(Object sender, EventArgs e) in e:\AppedoLT\AppedoLT\Design\UserControls\ucScript.cs:line 322
Input string was not in a correct format.
---------------------------------------
16:18:31 02 March 2015 
A blocking operation was interrupted by a call to WSACancelBlockingCall
   at System.Net.Sockets.Socket.Accept()
   at System.Net.Sockets.TcpListener.AcceptTcpClient()
   at AppedoLT.Record.DoWork(Object sender, DoWorkEventArgs e) in e:\AppedoLT\AppedoLT\Class\Record.cs:line 217
---------------------------------------
