14:44:04 10 December 2014 
   at System.Number.StringToNumber(String str, NumberStyles options, NumberBuffer& number, NumberFormatInfo info, Boolean parseDecimal)
   at System.Number.ParseInt32(String s, NumberStyles style, NumberFormatInfo info)
   at AppedoLT.Core.Trasport.Receive() in e:\AppedoLT\AppedoLT.Core\TrasportLayer.cs:line 72
   at AppedoLTController.frmController.<>c__DisplayClass3.<DoWork>b__2() in e:\AppedoLT\AppedoLT.Controller\frmController.cs:line 75Input string was not in a correct format.
---------------------------------------
14:52:33 10 December 2014 
   at System.Number.StringToNumber(String str, NumberStyles options, NumberBuffer& number, NumberFormatInfo info, Boolean parseDecimal)
   at System.Number.ParseInt32(String s, NumberStyles style, NumberFormatInfo info)
   at AppedoLT.Core.Trasport.Receive() in e:\AppedoLT\AppedoLT.Core\TrasportLayer.cs:line 72
   at AppedoLTController.frmController.<>c__DisplayClass3.<DoWork>b__2() in e:\AppedoLT\AppedoLT.Controller\frmController.cs:line 75Input string was not in a correct format.
---------------------------------------
15:02:53 10 December 2014 
   at System.Net.Sockets.Socket.Send(Byte[] buffer)
   at AppedoLT.Core.Trasport.Send(TrasportData objTrasportData) in e:\AppedoLT\AppedoLT.Core\TrasportLayer.cs:line 87
   at AppedoLTController.frmController.<StartClient>b__5() in e:\AppedoLT\AppedoLT.Controller\frmController.cs:line 211A request to send or receive data was disallowed because the socket is not connected and (when sending on a datagram socket using a sendto call) no address was supplied
---------------------------------------
15:06:55 10 December 2014 
   at System.Net.Sockets.Socket.Send(Byte[] buffer)
   at AppedoLT.Core.Trasport.Send(TrasportData objTrasportData) in e:\AppedoLT\AppedoLT.Core\TrasportLayer.cs:line 87
   at AppedoLTController.frmController.<StartClient>b__5() in e:\AppedoLT\AppedoLT.Controller\frmController.cs:line 211A request to send or receive data was disallowed because the socket is not connected and (when sending on a datagram socket using a sendto call) no address was supplied
---------------------------------------
15:20:52 10 December 2014 
   at System.IO.__Error.WinIOError(Int32 errorCode, String maybeFullPath)
   at System.IO.Directory.DeleteHelper(String fullPath, String userPath, Boolean recursive, Boolean throwOnTopLevelDirectoryNotFound)
   at System.IO.Directory.Delete(String fullPath, String userPath, Boolean recursive, Boolean checkHost)
   at AppedoLTController.ResultFileGenerator.DeleteReportFolder(String reportname) in e:\AppedoLT\AppedoLT.Controller\ResultFileGenerator.cs:line 177The directory is not empty.

---------------------------------------
15:23:07 10 December 2014 
   at System.IO.__Error.WinIOError(Int32 errorCode, String maybeFullPath)
   at System.IO.Directory.DeleteHelper(String fullPath, String userPath, Boolean recursive, Boolean throwOnTopLevelDirectoryNotFound)
   at System.IO.Directory.Delete(String fullPath, String userPath, Boolean recursive, Boolean checkHost)
   at AppedoLTController.ResultFileGenerator.DeleteReportFolder(String reportname) in e:\AppedoLT\AppedoLT.Controller\ResultFileGenerator.cs:line 177The directory is not empty.

---------------------------------------
14:53:07 16 December 2014 
   at System.Net.Sockets.NetworkStream.Read(Byte[] buffer, Int32 offset, Int32 size)
   at AppedoLT.Core.Trasport.ReadHeader(Stream stream) in e:\AppedoLT\AppedoLT.Core\TrasportLayer.cs:line 136
   at AppedoLT.Core.Trasport.Receive() in e:\AppedoLT\AppedoLT.Core\TrasportLayer.cs:line 66
   at AppedoLTController.Controller.DoWork() in e:\AppedoLT\AppedoLT.Controller\Controller.cs:line 86Unable to read data from the transport connection: A connection attempt failed because the connected party did not properly respond after a period of time, or established connection failed because connected host has failed to respond.
---------------------------------------
14:55:47 16 December 2014 
   at System.Net.Sockets.NetworkStream.Read(Byte[] buffer, Int32 offset, Int32 size)
   at AppedoLT.Core.Constants.ReadHeader(Stream stream) in e:\AppedoLT\AppedoLT.Core\Constants.cs:line 704
   at AppedoLTController.ResultFileGenerator.ReceiveAllLoadGenDatafiles() in e:\AppedoLT\AppedoLT.Controller\ResultFileGenerator.cs:line 68
Unable to read data from the transport connection: An existing connection was forcibly closed by the remote host.
---------------------------------------
14:55:47 16 December 2014 
   at System.Net.Sockets.Socket.DoConnect(EndPoint endPointSnapshot, SocketAddress socketAddress)
   at System.Net.Sockets.Socket.Connect(EndPoint remoteEP)
   at System.Net.Sockets.TcpClient.Connect(IPEndPoint remoteEP)
   at System.Net.Sockets.TcpClient.Connect(IPAddress address, Int32 port)
   at AppedoLTController.ResultFileGenerator.ReceiveAllLoadGenDatafiles() in e:\AppedoLT\AppedoLT.Controller\ResultFileGenerator.cs:line 64
No connection could be made because the target machine actively refused it 127.0.0.1:8889
---------------------------------------
14:55:52 16 December 2014 
   at System.Net.Sockets.Socket.DoConnect(EndPoint endPointSnapshot, SocketAddress socketAddress)
   at System.Net.Sockets.Socket.Connect(EndPoint remoteEP)
   at System.Net.Sockets.TcpClient.Connect(IPEndPoint remoteEP)
   at System.Net.Sockets.TcpClient.Connect(IPAddress address, Int32 port)
   at AppedoLTController.ResultFileGenerator.ReceiveAllLoadGenDatafiles() in e:\AppedoLT\AppedoLT.Controller\ResultFileGenerator.cs:line 64
No connection could be made because the target machine actively refused it 127.0.0.1:8889
---------------------------------------
14:55:52 16 December 2014 
   at System.Net.Sockets.Socket.DoConnect(EndPoint endPointSnapshot, SocketAddress socketAddress)
   at System.Net.Sockets.Socket.Connect(EndPoint remoteEP)
   at System.Net.Sockets.TcpClient.Connect(IPEndPoint remoteEP)
   at System.Net.Sockets.TcpClient.Connect(IPAddress address, Int32 port)
   at AppedoLTController.ResultFileGenerator.ReceiveAllLoadGenDatafiles() in e:\AppedoLT\AppedoLT.Controller\ResultFileGenerator.cs:line 64
No connection could be made because the target machine actively refused it 127.0.0.1:8889
---------------------------------------
14:55:57 16 December 2014 
   at System.Net.Sockets.Socket.DoConnect(EndPoint endPointSnapshot, SocketAddress socketAddress)
   at System.Net.Sockets.Socket.Connect(EndPoint remoteEP)
   at System.Net.Sockets.TcpClient.Connect(IPEndPoint remoteEP)
   at System.Net.Sockets.TcpClient.Connect(IPAddress address, Int32 port)
   at AppedoLTController.ResultFileGenerator.ReceiveAllLoadGenDatafiles() in e:\AppedoLT\AppedoLT.Controller\ResultFileGenerator.cs:line 64
No connection could be made because the target machine actively refused it 127.0.0.1:8889
---------------------------------------
15:06:09 16 December 2014 
   at System.Net.Sockets.NetworkStream.Read(Byte[] buffer, Int32 offset, Int32 size)
   at AppedoLT.Core.Trasport.ReadHeader(Stream stream) in e:\AppedoLT\AppedoLT.Core\TrasportLayer.cs:line 136
   at AppedoLT.Core.Trasport.Receive() in e:\AppedoLT\AppedoLT.Core\TrasportLayer.cs:line 66
   at AppedoLTController.ResultFileGenerator.ReceiveAllChartData(String reportName) in e:\AppedoLT\AppedoLT.Controller\ResultFileGenerator.cs:line 265
Unable to read data from the transport connection: An existing connection was forcibly closed by the remote host.
---------------------------------------
15:06:29 16 December 2014 
   at System.Net.Sockets.NetworkStream.Read(Byte[] buffer, Int32 offset, Int32 size)
   at AppedoLT.Core.Trasport.ReadHeader(Stream stream) in e:\AppedoLT\AppedoLT.Core\TrasportLayer.cs:line 136
   at AppedoLT.Core.Trasport.Receive() in e:\AppedoLT\AppedoLT.Core\TrasportLayer.cs:line 66
   at AppedoLTController.Controller.DoWork() in e:\AppedoLT\AppedoLT.Controller\Controller.cs:line 86Unable to read data from the transport connection: A connection attempt failed because the connected party did not properly respond after a period of time, or established connection failed because connected host has failed to respond.
---------------------------------------
15:11:31 16 December 2014 
   at System.Net.Sockets.NetworkStream.Read(Byte[] buffer, Int32 offset, Int32 size)
   at AppedoLT.Core.Trasport.ReadHeader(Stream stream) in e:\AppedoLT\AppedoLT.Core\TrasportLayer.cs:line 136
   at AppedoLT.Core.Trasport.Receive() in e:\AppedoLT\AppedoLT.Core\TrasportLayer.cs:line 66
   at AppedoLTController.ResultFileGenerator.ReceiveAllChartData(String reportName) in e:\AppedoLT\AppedoLT.Controller\ResultFileGenerator.cs:line 265
Unable to read data from the transport connection: An existing connection was forcibly closed by the remote host.
---------------------------------------
15:18:22 16 December 2014 
   at System.Net.Sockets.NetworkStream.Read(Byte[] buffer, Int32 offset, Int32 size)
   at AppedoLT.Core.Trasport.ReadHeader(Stream stream) in e:\AppedoLT\AppedoLT.Core\TrasportLayer.cs:line 136
   at AppedoLT.Core.Trasport.Receive() in e:\AppedoLT\AppedoLT.Core\TrasportLayer.cs:line 66
   at AppedoLTController.Controller.DoWork() in e:\AppedoLT\AppedoLT.Controller\Controller.cs:line 86Unable to read data from the transport connection: A connection attempt failed because the connected party did not properly respond after a period of time, or established connection failed because connected host has failed to respond.
---------------------------------------
15:18:42 16 December 2014 
   at System.Net.Sockets.NetworkStream.Read(Byte[] buffer, Int32 offset, Int32 size)
   at AppedoLT.Core.Trasport.ReadHeader(Stream stream) in e:\AppedoLT\AppedoLT.Core\TrasportLayer.cs:line 136
   at AppedoLT.Core.Trasport.Receive() in e:\AppedoLT\AppedoLT.Core\TrasportLayer.cs:line 66
   at AppedoLTController.Controller.DoWork() in e:\AppedoLT\AppedoLT.Controller\Controller.cs:line 86Unable to read data from the transport connection: A connection attempt failed because the connected party did not properly respond after a period of time, or established connection failed because connected host has failed to respond.
---------------------------------------
15:19:42 16 December 2014 
   at System.Net.Sockets.NetworkStream.Read(Byte[] buffer, Int32 offset, Int32 size)
   at AppedoLT.Core.Constants.ReadHeader(Stream stream) in e:\AppedoLT\AppedoLT.Core\Constants.cs:line 704
   at AppedoLTController.ResultFileGenerator.ReceiveAllLoadGenDatafiles() in e:\AppedoLT\AppedoLT.Controller\ResultFileGenerator.cs:line 68
Unable to read data from the transport connection: An existing connection was forcibly closed by the remote host.
---------------------------------------
15:19:47 16 December 2014 
   at System.Net.Sockets.Socket.DoConnect(EndPoint endPointSnapshot, SocketAddress socketAddress)
   at System.Net.Sockets.Socket.Connect(EndPoint remoteEP)
   at System.Net.Sockets.TcpClient.Connect(IPEndPoint remoteEP)
   at System.Net.Sockets.TcpClient.Connect(IPAddress address, Int32 port)
   at AppedoLTController.ResultFileGenerator.ReceiveAllLoadGenDatafiles() in e:\AppedoLT\AppedoLT.Controller\ResultFileGenerator.cs:line 64
No connection could be made because the target machine actively refused it 127.0.0.1:8889
---------------------------------------
15:19:47 16 December 2014 
   at System.Net.Sockets.Socket.DoConnect(EndPoint endPointSnapshot, SocketAddress socketAddress)
   at System.Net.Sockets.Socket.Connect(EndPoint remoteEP)
   at System.Net.Sockets.TcpClient.Connect(IPEndPoint remoteEP)
   at System.Net.Sockets.TcpClient.Connect(IPAddress address, Int32 port)
   at AppedoLTController.ResultFileGenerator.ReceiveAllLoadGenDatafiles() in e:\AppedoLT\AppedoLT.Controller\ResultFileGenerator.cs:line 64
No connection could be made because the target machine actively refused it 127.0.0.1:8889
---------------------------------------
15:19:52 16 December 2014 
   at System.Net.Sockets.Socket.DoConnect(EndPoint endPointSnapshot, SocketAddress socketAddress)
   at System.Net.Sockets.Socket.Connect(EndPoint remoteEP)
   at System.Net.Sockets.TcpClient.Connect(IPEndPoint remoteEP)
   at System.Net.Sockets.TcpClient.Connect(IPAddress address, Int32 port)
   at AppedoLTController.ResultFileGenerator.ReceiveAllLoadGenDatafiles() in e:\AppedoLT\AppedoLT.Controller\ResultFileGenerator.cs:line 64
No connection could be made because the target machine actively refused it 127.0.0.1:8889
---------------------------------------
15:19:57 16 December 2014 
   at System.Net.Sockets.Socket.DoConnect(EndPoint endPointSnapshot, SocketAddress socketAddress)
   at System.Net.Sockets.Socket.Connect(EndPoint remoteEP)
   at System.Net.Sockets.TcpClient.Connect(IPEndPoint remoteEP)
   at System.Net.Sockets.TcpClient.Connect(IPAddress address, Int32 port)
   at AppedoLTController.ResultFileGenerator.ReceiveAllLoadGenDatafiles() in e:\AppedoLT\AppedoLT.Controller\ResultFileGenerator.cs:line 64
No connection could be made because the target machine actively refused it 127.0.0.1:8889
---------------------------------------
15:22:11 16 December 2014 
   at System.Net.Sockets.NetworkStream.Read(Byte[] buffer, Int32 offset, Int32 size)
   at AppedoLT.Core.Trasport.ReadHeader(Stream stream) in e:\AppedoLT\AppedoLT.Core\TrasportLayer.cs:line 136
   at AppedoLT.Core.Trasport.Receive() in e:\AppedoLT\AppedoLT.Core\TrasportLayer.cs:line 66
   at AppedoLTController.ResultFileGenerator.ReceiveAllChartData(String reportName) in e:\AppedoLT\AppedoLT.Controller\ResultFileGenerator.cs:line 265
Unable to read data from the transport connection: An existing connection was forcibly closed by the remote host.
---------------------------------------
15:24:00 16 December 2014 
   at System.Number.StringToNumber(String str, NumberStyles options, NumberBuffer& number, NumberFormatInfo info, Boolean parseDecimal)
   at System.Number.ParseInt32(String s, NumberStyles style, NumberFormatInfo info)
   at AppedoLT.Core.Trasport.Receive() in e:\AppedoLT\AppedoLT.Core\TrasportLayer.cs:line 72
   at AppedoLTController.ResultFileGenerator.ReceiveAllChartData(String reportName) in e:\AppedoLT\AppedoLT.Controller\ResultFileGenerator.cs:line 265
Input string was not in a correct format.
---------------------------------------
15:24:05 16 December 2014 
   at System.Net.Sockets.Socket.Send(Byte[] buffer)
   at AppedoLT.Core.Trasport.Send(TrasportData objTrasportData) in e:\AppedoLT\AppedoLT.Core\TrasportLayer.cs:line 87
   at AppedoLTController.Controller.DoWork() in e:\AppedoLT\AppedoLT.Controller\Controller.cs:line 85A request to send or receive data was disallowed because the socket is not connected and (when sending on a datagram socket using a sendto call) no address was supplied
---------------------------------------
15:24:20 16 December 2014 
   at System.Net.Sockets.NetworkStream.Read(Byte[] buffer, Int32 offset, Int32 size)
   at AppedoLT.Core.Trasport.ReadHeader(Stream stream) in e:\AppedoLT\AppedoLT.Core\TrasportLayer.cs:line 136
   at AppedoLT.Core.Trasport.Receive() in e:\AppedoLT\AppedoLT.Core\TrasportLayer.cs:line 66
   at AppedoLTController.Controller.DoWork() in e:\AppedoLT\AppedoLT.Controller\Controller.cs:line 86Unable to read data from the transport connection: A connection attempt failed because the connected party did not properly respond after a period of time, or established connection failed because connected host has failed to respond.
---------------------------------------
15:24:30 16 December 2014 
   at System.Net.Sockets.NetworkStream.Read(Byte[] buffer, Int32 offset, Int32 size)
   at AppedoLT.Core.Trasport.ReadHeader(Stream stream) in e:\AppedoLT\AppedoLT.Core\TrasportLayer.cs:line 136
   at AppedoLT.Core.Trasport.Receive() in e:\AppedoLT\AppedoLT.Core\TrasportLayer.cs:line 66
   at AppedoLTController.Controller.DoWork() in e:\AppedoLT\AppedoLT.Controller\Controller.cs:line 86Unable to read data from the transport connection: An existing connection was forcibly closed by the remote host.
---------------------------------------
15:24:45 16 December 2014 
   at System.Net.Sockets.NetworkStream.Read(Byte[] buffer, Int32 offset, Int32 size)
   at AppedoLT.Core.Trasport.ReadHeader(Stream stream) in e:\AppedoLT\AppedoLT.Core\TrasportLayer.cs:line 136
   at AppedoLT.Core.Trasport.Receive() in e:\AppedoLT\AppedoLT.Core\TrasportLayer.cs:line 66
   at AppedoLTController.Controller.DoWork() in e:\AppedoLT\AppedoLT.Controller\Controller.cs:line 86Unable to read data from the transport connection: A connection attempt failed because the connected party did not properly respond after a period of time, or established connection failed because connected host has failed to respond.
---------------------------------------
15:25:00 16 December 2014 
   at System.Net.Sockets.NetworkStream.Read(Byte[] buffer, Int32 offset, Int32 size)
   at AppedoLT.Core.Trasport.ReadHeader(Stream stream) in e:\AppedoLT\AppedoLT.Core\TrasportLayer.cs:line 136
   at AppedoLT.Core.Trasport.Receive() in e:\AppedoLT\AppedoLT.Core\TrasportLayer.cs:line 66
   at AppedoLTController.Controller.DoWork() in e:\AppedoLT\AppedoLT.Controller\Controller.cs:line 86Unable to read data from the transport connection: A connection attempt failed because the connected party did not properly respond after a period of time, or established connection failed because connected host has failed to respond.
---------------------------------------
15:25:15 16 December 2014 
   at System.Net.Sockets.NetworkStream.Read(Byte[] buffer, Int32 offset, Int32 size)
   at AppedoLT.Core.Trasport.ReadHeader(Stream stream) in e:\AppedoLT\AppedoLT.Core\TrasportLayer.cs:line 136
   at AppedoLT.Core.Trasport.Receive() in e:\AppedoLT\AppedoLT.Core\TrasportLayer.cs:line 66
   at AppedoLTController.Controller.DoWork() in e:\AppedoLT\AppedoLT.Controller\Controller.cs:line 86Unable to read data from the transport connection: A connection attempt failed because the connected party did not properly respond after a period of time, or established connection failed because connected host has failed to respond.
---------------------------------------
15:25:30 16 December 2014 
   at System.Net.Sockets.NetworkStream.Read(Byte[] buffer, Int32 offset, Int32 size)
   at AppedoLT.Core.Trasport.ReadHeader(Stream stream) in e:\AppedoLT\AppedoLT.Core\TrasportLayer.cs:line 136
   at AppedoLT.Core.Trasport.Receive() in e:\AppedoLT\AppedoLT.Core\TrasportLayer.cs:line 66
   at AppedoLTController.Controller.DoWork() in e:\AppedoLT\AppedoLT.Controller\Controller.cs:line 86Unable to read data from the transport connection: A connection attempt failed because the connected party did not properly respond after a period of time, or established connection failed because connected host has failed to respond.
---------------------------------------
15:26:11 16 December 2014 
   at System.Net.Sockets.NetworkStream.Read(Byte[] buffer, Int32 offset, Int32 size)
   at AppedoLT.Core.Trasport.ReadHeader(Stream stream) in e:\AppedoLT\AppedoLT.Core\TrasportLayer.cs:line 136
   at AppedoLT.Core.Trasport.Receive() in e:\AppedoLT\AppedoLT.Core\TrasportLayer.cs:line 66
   at AppedoLTController.ResultFileGenerator.ReceiveAllChartData(String reportName) in e:\AppedoLT\AppedoLT.Controller\ResultFileGenerator.cs:line 265
Unable to read data from the transport connection: An existing connection was forcibly closed by the remote host.
---------------------------------------
15:27:31 16 December 2014 
   at System.Net.Sockets.NetworkStream.Read(Byte[] buffer, Int32 offset, Int32 size)
   at AppedoLT.Core.Trasport.ReadHeader(Stream stream) in e:\AppedoLT\AppedoLT.Core\TrasportLayer.cs:line 136
   at AppedoLT.Core.Trasport.Receive() in e:\AppedoLT\AppedoLT.Core\TrasportLayer.cs:line 66
   at AppedoLTController.Controller.DoWork() in e:\AppedoLT\AppedoLT.Controller\Controller.cs:line 86Unable to read data from the transport connection: A connection attempt failed because the connected party did not properly respond after a period of time, or established connection failed because connected host has failed to respond.
---------------------------------------
15:28:51 16 December 2014 
   at System.Net.Sockets.NetworkStream.Read(Byte[] buffer, Int32 offset, Int32 size)
   at AppedoLT.Core.Trasport.ReadHeader(Stream stream) in e:\AppedoLT\AppedoLT.Core\TrasportLayer.cs:line 136
   at AppedoLT.Core.Trasport.Receive() in e:\AppedoLT\AppedoLT.Core\TrasportLayer.cs:line 66
   at AppedoLTController.ResultFileGenerator.ReceiveAllChartData(String reportName) in e:\AppedoLT\AppedoLT.Controller\ResultFileGenerator.cs:line 265
Unable to read data from the transport connection: A connection attempt failed because the connected party did not properly respond after a period of time, or established connection failed because connected host has failed to respond.
---------------------------------------
15:37:11 16 December 2014 
   at System.Net.Sockets.Socket.Send(Byte[] buffer)
   at AppedoLT.Core.Trasport.Send(TrasportData objTrasportData) in e:\AppedoLT\AppedoLT.Core\TrasportLayer.cs:line 87
   at AppedoLTController.Controller.DoWork() in e:\AppedoLT\AppedoLT.Controller\Controller.cs:line 85A request to send or receive data was disallowed because the socket is not connected and (when sending on a datagram socket using a sendto call) no address was supplied
---------------------------------------
15:37:21 16 December 2014 
   at System.Net.Sockets.Socket.Send(Byte[] buffer)
   at AppedoLT.Core.Trasport.Send(TrasportData objTrasportData) in e:\AppedoLT\AppedoLT.Core\TrasportLayer.cs:line 87
   at AppedoLTController.Controller.DoWork() in e:\AppedoLT\AppedoLT.Controller\Controller.cs:line 85A request to send or receive data was disallowed because the socket is not connected and (when sending on a datagram socket using a sendto call) no address was supplied
---------------------------------------
15:40:42 16 December 2014 
   at System.Net.Sockets.NetworkStream.Read(Byte[] buffer, Int32 offset, Int32 size)
   at AppedoLT.Core.Trasport.ReadHeader(Stream stream) in e:\AppedoLT\AppedoLT.Core\TrasportLayer.cs:line 136
   at AppedoLT.Core.Trasport.Receive() in e:\AppedoLT\AppedoLT.Core\TrasportLayer.cs:line 66
   at AppedoLTController.ResultFileGenerator.ReceiveAllChartData(String reportName) in e:\AppedoLT\AppedoLT.Controller\ResultFileGenerator.cs:line 265
Unable to read data from the transport connection: A connection attempt failed because the connected party did not properly respond after a period of time, or established connection failed because connected host has failed to respond.
---------------------------------------
15:42:37 16 December 2014 
   at System.Net.Sockets.NetworkStream.Read(Byte[] buffer, Int32 offset, Int32 size)
   at AppedoLT.Core.Trasport.ReadHeader(Stream stream) in e:\AppedoLT\AppedoLT.Core\TrasportLayer.cs:line 136
   at AppedoLT.Core.Trasport.Receive() in e:\AppedoLT\AppedoLT.Core\TrasportLayer.cs:line 66
   at AppedoLTController.Controller.DoWork() in e:\AppedoLT\AppedoLT.Controller\Controller.cs:line 86Unable to read data from the transport connection: A connection attempt failed because the connected party did not properly respond after a period of time, or established connection failed because connected host has failed to respond.
---------------------------------------
15:42:52 16 December 2014 
   at System.Net.Sockets.NetworkStream.Read(Byte[] buffer, Int32 offset, Int32 size)
   at AppedoLT.Core.Trasport.ReadHeader(Stream stream) in e:\AppedoLT\AppedoLT.Core\TrasportLayer.cs:line 136
   at AppedoLT.Core.Trasport.Receive() in e:\AppedoLT\AppedoLT.Core\TrasportLayer.cs:line 66
   at AppedoLTController.Controller.DoWork() in e:\AppedoLT\AppedoLT.Controller\Controller.cs:line 86Unable to read data from the transport connection: A connection attempt failed because the connected party did not properly respond after a period of time, or established connection failed because connected host has failed to respond.
---------------------------------------
15:43:07 16 December 2014 
   at System.Net.Sockets.NetworkStream.Read(Byte[] buffer, Int32 offset, Int32 size)
   at AppedoLT.Core.Trasport.ReadHeader(Stream stream) in e:\AppedoLT\AppedoLT.Core\TrasportLayer.cs:line 136
   at AppedoLT.Core.Trasport.Receive() in e:\AppedoLT\AppedoLT.Core\TrasportLayer.cs:line 66
   at AppedoLTController.Controller.DoWork() in e:\AppedoLT\AppedoLT.Controller\Controller.cs:line 86Unable to read data from the transport connection: A connection attempt failed because the connected party did not properly respond after a period of time, or established connection failed because connected host has failed to respond.
---------------------------------------
15:43:32 16 December 2014 
   at System.Net.Sockets.NetworkStream.Read(Byte[] buffer, Int32 offset, Int32 size)
   at AppedoLT.Core.Trasport.ReadHeader(Stream stream) in e:\AppedoLT\AppedoLT.Core\TrasportLayer.cs:line 136
   at AppedoLT.Core.Trasport.Receive() in e:\AppedoLT\AppedoLT.Core\TrasportLayer.cs:line 66
   at AppedoLTController.Controller.DoWork() in e:\AppedoLT\AppedoLT.Controller\Controller.cs:line 86Unable to read data from the transport connection: A connection attempt failed because the connected party did not properly respond after a period of time, or established connection failed because connected host has failed to respond.
---------------------------------------
15:44:17 16 December 2014 
   at System.Number.StringToNumber(String str, NumberStyles options, NumberBuffer& number, NumberFormatInfo info, Boolean parseDecimal)
   at System.Number.ParseInt64(String value, NumberStyles options, NumberFormatInfo numfmt)
   at AppedoLTController.ResultFileGenerator.ReceiveAllLoadGenDatafiles() in e:\AppedoLT\AppedoLT.Controller\ResultFileGenerator.cs:line 71
Input string was not in a correct format.
---------------------------------------
15:44:22 16 December 2014 
   at System.Net.Sockets.Socket.DoConnect(EndPoint endPointSnapshot, SocketAddress socketAddress)
   at System.Net.Sockets.Socket.Connect(EndPoint remoteEP)
   at System.Net.Sockets.TcpClient.Connect(IPEndPoint remoteEP)
   at System.Net.Sockets.TcpClient.Connect(IPAddress address, Int32 port)
   at AppedoLTController.ResultFileGenerator.ReceiveAllLoadGenDatafiles() in e:\AppedoLT\AppedoLT.Controller\ResultFileGenerator.cs:line 64
No connection could be made because the target machine actively refused it 127.0.0.1:8889
---------------------------------------
15:44:22 16 December 2014 
   at System.Net.Sockets.Socket.DoConnect(EndPoint endPointSnapshot, SocketAddress socketAddress)
   at System.Net.Sockets.Socket.Connect(EndPoint remoteEP)
   at System.Net.Sockets.TcpClient.Connect(IPEndPoint remoteEP)
   at System.Net.Sockets.TcpClient.Connect(IPAddress address, Int32 port)
   at AppedoLTController.ResultFileGenerator.ReceiveAllLoadGenDatafiles() in e:\AppedoLT\AppedoLT.Controller\ResultFileGenerator.cs:line 64
No connection could be made because the target machine actively refused it 127.0.0.1:8889
---------------------------------------
15:44:27 16 December 2014 
   at System.Net.Sockets.Socket.DoConnect(EndPoint endPointSnapshot, SocketAddress socketAddress)
   at System.Net.Sockets.Socket.Connect(EndPoint remoteEP)
   at System.Net.Sockets.TcpClient.Connect(IPEndPoint remoteEP)
   at System.Net.Sockets.TcpClient.Connect(IPAddress address, Int32 port)
   at AppedoLTController.ResultFileGenerator.ReceiveAllLoadGenDatafiles() in e:\AppedoLT\AppedoLT.Controller\ResultFileGenerator.cs:line 64
No connection could be made because the target machine actively refused it 127.0.0.1:8889
---------------------------------------
15:44:32 16 December 2014 
   at System.Net.Sockets.Socket.DoConnect(EndPoint endPointSnapshot, SocketAddress socketAddress)
   at System.Net.Sockets.Socket.Connect(EndPoint remoteEP)
   at System.Net.Sockets.TcpClient.Connect(IPEndPoint remoteEP)
   at System.Net.Sockets.TcpClient.Connect(IPAddress address, Int32 port)
   at AppedoLTController.ResultFileGenerator.ReceiveAllLoadGenDatafiles() in e:\AppedoLT\AppedoLT.Controller\ResultFileGenerator.cs:line 64
No connection could be made because the target machine actively refused it 127.0.0.1:8889
---------------------------------------
15:45:42 16 December 2014 
   at System.Net.Sockets.Socket.Send(Byte[] buffer)
   at AppedoLT.Core.Trasport.Send(TrasportData objTrasportData) in e:\AppedoLT\AppedoLT.Core\TrasportLayer.cs:line 87
   at AppedoLTController.frmController.SendDataToLoadGen(Trasport server, TrasportData data) in e:\AppedoLT\AppedoLT.Controller\frmController.cs:line 455A request to send or receive data was disallowed because the socket is not connected and (when sending on a datagram socket using a sendto call) no address was supplied
---------------------------------------
15:45:42 16 December 2014 
   at System.Net.Sockets.Socket.Send(Byte[] buffer)
   at AppedoLT.Core.Trasport.Send(TrasportData objTrasportData) in e:\AppedoLT\AppedoLT.Core\TrasportLayer.cs:line 87
   at AppedoLTController.frmController.SendDataToLoadGen(Trasport server, TrasportData data) in e:\AppedoLT\AppedoLT.Controller\frmController.cs:line 455A request to send or receive data was disallowed because the socket is not connected and (when sending on a datagram socket using a sendto call) no address was supplied
---------------------------------------
15:45:42 16 December 2014 
   at System.Net.Sockets.Socket.Send(Byte[] buffer)
   at AppedoLT.Core.Trasport.Send(TrasportData objTrasportData) in e:\AppedoLT\AppedoLT.Core\TrasportLayer.cs:line 87
   at AppedoLTController.frmController.SendDataToLoadGen(Trasport server, TrasportData data) in e:\AppedoLT\AppedoLT.Controller\frmController.cs:line 455A request to send or receive data was disallowed because the socket is not connected and (when sending on a datagram socket using a sendto call) no address was supplied
---------------------------------------
15:45:47 16 December 2014 
   at System.Net.Sockets.Socket.Send(Byte[] buffer)
   at AppedoLT.Core.Trasport.Send(TrasportData objTrasportData) in e:\AppedoLT\AppedoLT.Core\TrasportLayer.cs:line 87
   at AppedoLTController.frmController.SendDataToLoadGen(Trasport server, TrasportData data) in e:\AppedoLT\AppedoLT.Controller\frmController.cs:line 455A request to send or receive data was disallowed because the socket is not connected and (when sending on a datagram socket using a sendto call) no address was supplied
---------------------------------------
15:45:47 16 December 2014 
   at System.Net.Sockets.Socket.Send(Byte[] buffer)
   at AppedoLT.Core.Trasport.Send(TrasportData objTrasportData) in e:\AppedoLT\AppedoLT.Core\TrasportLayer.cs:line 87
   at AppedoLTController.frmController.SendDataToLoadGen(Trasport server, TrasportData data) in e:\AppedoLT\AppedoLT.Controller\frmController.cs:line 455A request to send or receive data was disallowed because the socket is not connected and (when sending on a datagram socket using a sendto call) no address was supplied
---------------------------------------
15:45:52 16 December 2014 
   at System.Net.Sockets.Socket.Send(Byte[] buffer)
   at AppedoLT.Core.Trasport.Send(TrasportData objTrasportData) in e:\AppedoLT\AppedoLT.Core\TrasportLayer.cs:line 87
   at AppedoLTController.frmController.SendDataToLoadGen(Trasport server, TrasportData data) in e:\AppedoLT\AppedoLT.Controller\frmController.cs:line 455A request to send or receive data was disallowed because the socket is not connected and (when sending on a datagram socket using a sendto call) no address was supplied
---------------------------------------
15:45:52 16 December 2014 
   at System.Net.Sockets.Socket.Send(Byte[] buffer)
   at AppedoLT.Core.Trasport.Send(TrasportData objTrasportData) in e:\AppedoLT\AppedoLT.Core\TrasportLayer.cs:line 87
   at AppedoLTController.frmController.SendDataToLoadGen(Trasport server, TrasportData data) in e:\AppedoLT\AppedoLT.Controller\frmController.cs:line 455A request to send or receive data was disallowed because the socket is not connected and (when sending on a datagram socket using a sendto call) no address was supplied
---------------------------------------
15:45:52 16 December 2014 
   at System.Net.Sockets.Socket.Send(Byte[] buffer)
   at AppedoLT.Core.Trasport.Send(TrasportData objTrasportData) in e:\AppedoLT\AppedoLT.Core\TrasportLayer.cs:line 87
   at AppedoLTController.frmController.SendDataToLoadGen(Trasport server, TrasportData data) in e:\AppedoLT\AppedoLT.Controller\frmController.cs:line 455A request to send or receive data was disallowed because the socket is not connected and (when sending on a datagram socket using a sendto call) no address was supplied
---------------------------------------
15:45:57 16 December 2014 
   at System.Net.Sockets.Socket.Send(Byte[] buffer)
   at AppedoLT.Core.Trasport.Send(TrasportData objTrasportData) in e:\AppedoLT\AppedoLT.Core\TrasportLayer.cs:line 87
   at AppedoLTController.frmController.SendDataToLoadGen(Trasport server, TrasportData data) in e:\AppedoLT\AppedoLT.Controller\frmController.cs:line 455A request to send or receive data was disallowed because the socket is not connected and (when sending on a datagram socket using a sendto call) no address was supplied
---------------------------------------
15:45:57 16 December 2014 
   at System.Net.Sockets.Socket.Send(Byte[] buffer)
   at AppedoLT.Core.Trasport.Send(TrasportData objTrasportData) in e:\AppedoLT\AppedoLT.Core\TrasportLayer.cs:line 87
   at AppedoLTController.frmController.SendDataToLoadGen(Trasport server, TrasportData data) in e:\AppedoLT\AppedoLT.Controller\frmController.cs:line 455A request to send or receive data was disallowed because the socket is not connected and (when sending on a datagram socket using a sendto call) no address was supplied
---------------------------------------
15:48:17 16 December 2014 
   at System.Net.Sockets.NetworkStream.Read(Byte[] buffer, Int32 offset, Int32 size)
   at AppedoLT.Core.Trasport.ReadHeader(Stream stream) in e:\AppedoLT\AppedoLT.Core\TrasportLayer.cs:line 136
   at AppedoLT.Core.Trasport.Receive() in e:\AppedoLT\AppedoLT.Core\TrasportLayer.cs:line 66
   at AppedoLTController.Controller.DoWork() in e:\AppedoLT\AppedoLT.Controller\Controller.cs:line 86Unable to read data from the transport connection: A connection attempt failed because the connected party did not properly respond after a period of time, or established connection failed because connected host has failed to respond.
---------------------------------------
15:48:52 16 December 2014 
   at System.Net.Sockets.NetworkStream.Read(Byte[] buffer, Int32 offset, Int32 size)
   at AppedoLT.Core.Trasport.ReadHeader(Stream stream) in e:\AppedoLT\AppedoLT.Core\TrasportLayer.cs:line 136
   at AppedoLT.Core.Trasport.Receive() in e:\AppedoLT\AppedoLT.Core\TrasportLayer.cs:line 66
   at AppedoLTController.Controller.DoWork() in e:\AppedoLT\AppedoLT.Controller\Controller.cs:line 86Unable to read data from the transport connection: A connection attempt failed because the connected party did not properly respond after a period of time, or established connection failed because connected host has failed to respond.
---------------------------------------
15:51:20 16 December 2014 
   at System.Net.Sockets.NetworkStream.Read(Byte[] buffer, Int32 offset, Int32 size)
   at AppedoLT.Core.Trasport.ReadHeader(Stream stream) in e:\AppedoLT\AppedoLT.Core\TrasportLayer.cs:line 136
   at AppedoLT.Core.Trasport.Receive() in e:\AppedoLT\AppedoLT.Core\TrasportLayer.cs:line 66
   at AppedoLTController.ResultFileGenerator.ReceiveAllChartData(String reportName) in e:\AppedoLT\AppedoLT.Controller\ResultFileGenerator.cs:line 265
Unable to read data from the transport connection: An existing connection was forcibly closed by the remote host.
---------------------------------------
15:51:25 16 December 2014 
   at System.Data.SQLite.SQLite3.Prepare(SQLiteConnection cnn, String strSql, SQLiteStatement previous, UInt32 timeoutMS, String& strRemain)
   at System.Data.SQLite.SQLiteCommand.BuildNextCommand()
   at System.Data.SQLite.SQLiteCommand.GetStatement(Int32 index)
   at System.Data.SQLite.SQLiteDataReader.NextResult()
   at System.Data.SQLite.SQLiteDataReader..ctor(SQLiteCommand cmd, CommandBehavior behave)
   at System.Data.SQLite.SQLiteCommand.ExecuteReader(CommandBehavior behavior)
   at System.Data.SQLite.SQLiteCommand.ExecuteNonQuery()
   at AppedoLT.DataAccessLayer.ReportMaster.Executequery(String reportName, String query) in e:\AppedoLT\AppedoLT.DataAccessLayer\ReportMaster.cs:line 621SQLite error
no such table: AM.reportdata
---------------------------------------
15:51:25 16 December 2014 
   at System.Data.SQLite.SQLite3.Prepare(SQLiteConnection cnn, String strSql, SQLiteStatement previous, UInt32 timeoutMS, String& strRemain)
   at System.Data.SQLite.SQLiteCommand.BuildNextCommand()
   at System.Data.SQLite.SQLiteCommand.GetStatement(Int32 index)
   at System.Data.SQLite.SQLiteDataReader.NextResult()
   at System.Data.SQLite.SQLiteDataReader..ctor(SQLiteCommand cmd, CommandBehavior behave)
   at System.Data.SQLite.SQLiteCommand.ExecuteReader(CommandBehavior behavior)
   at System.Data.SQLite.SQLiteCommand.ExecuteReader()
   at AppedoLT.DataAccessLayer.Result.GetReader(String query, SQLiteConnection _con) in e:\AppedoLT\AppedoLT.DataAccessLayer\Result.cs:line 594
   at AppedoLT.DataAccessLayer.Result.GetSummaryReportByScript(String reportName, XmlNode runNode) in e:\AppedoLT\AppedoLT.DataAccessLayer\Result.cs:line 366SQLite error
no such table: requests_12
---------------------------------------
15:52:00 16 December 2014 
   at System.Net.Sockets.NetworkStream.Read(Byte[] buffer, Int32 offset, Int32 size)
   at AppedoLT.Core.Trasport.ReadHeader(Stream stream) in e:\AppedoLT\AppedoLT.Core\TrasportLayer.cs:line 136
   at AppedoLT.Core.Trasport.Receive() in e:\AppedoLT\AppedoLT.Core\TrasportLayer.cs:line 66
   at AppedoLTController.ResultFileGenerator.ReceiveAllChartData(String reportName) in e:\AppedoLT\AppedoLT.Controller\ResultFileGenerator.cs:line 265
Unable to read data from the transport connection: An existing connection was forcibly closed by the remote host.
---------------------------------------
16:05:34 16 December 2014 
   at System.Data.SQLite.SQLite3.Prepare(SQLiteConnection cnn, String strSql, SQLiteStatement previous, UInt32 timeoutMS, String& strRemain)
   at System.Data.SQLite.SQLiteCommand.BuildNextCommand()
   at System.Data.SQLite.SQLiteCommand.GetStatement(Int32 index)
   at System.Data.SQLite.SQLiteDataReader.NextResult()
   at System.Data.SQLite.SQLiteDataReader..ctor(SQLiteCommand cmd, CommandBehavior behave)
   at System.Data.SQLite.SQLiteCommand.ExecuteReader(CommandBehavior behavior)
   at System.Data.SQLite.SQLiteCommand.ExecuteNonQuery()
   at AppedoLT.DataAccessLayer.ReportMaster.Executequery(String reportName, String query) in e:\AppedoLT\AppedoLT.DataAccessLayer\ReportMaster.cs:line 621SQLite error
no such table: AM.reportdata
---------------------------------------
16:05:39 16 December 2014 
   at System.Data.SQLite.SQLite3.Prepare(SQLiteConnection cnn, String strSql, SQLiteStatement previous, UInt32 timeoutMS, String& strRemain)
   at System.Data.SQLite.SQLiteCommand.BuildNextCommand()
   at System.Data.SQLite.SQLiteCommand.GetStatement(Int32 index)
   at System.Data.SQLite.SQLiteDataReader.NextResult()
   at System.Data.SQLite.SQLiteDataReader..ctor(SQLiteCommand cmd, CommandBehavior behave)
   at System.Data.SQLite.SQLiteCommand.ExecuteReader(CommandBehavior behavior)
   at System.Data.SQLite.SQLiteCommand.ExecuteReader()
   at AppedoLT.DataAccessLayer.Result.GetReader(String query, SQLiteConnection _con) in e:\AppedoLT\AppedoLT.DataAccessLayer\Result.cs:line 594
   at AppedoLT.DataAccessLayer.Result.GetSummaryReportByScript(String reportName, XmlNode runNode) in e:\AppedoLT\AppedoLT.DataAccessLayer\Result.cs:line 366SQLite error
no such table: requests_12
---------------------------------------
16:05:59 16 December 2014 
   at System.Net.Sockets.NetworkStream.Read(Byte[] buffer, Int32 offset, Int32 size)
   at AppedoLT.Core.Trasport.ReadHeader(Stream stream) in e:\AppedoLT\AppedoLT.Core\TrasportLayer.cs:line 136
   at AppedoLT.Core.Trasport.Receive() in e:\AppedoLT\AppedoLT.Core\TrasportLayer.cs:line 66
   at AppedoLTController.ResultFileGenerator.ReceiveAllChartData(String reportName) in e:\AppedoLT\AppedoLT.Controller\ResultFileGenerator.cs:line 265
Unable to read data from the transport connection: An existing connection was forcibly closed by the remote host.
---------------------------------------
16:10:34 16 December 2014 
   at System.Net.Sockets.NetworkStream.Read(Byte[] buffer, Int32 offset, Int32 size)
   at AppedoLT.Core.Trasport.ReadHeader(Stream stream) in e:\AppedoLT\AppedoLT.Core\TrasportLayer.cs:line 136
   at AppedoLT.Core.Trasport.Receive() in e:\AppedoLT\AppedoLT.Core\TrasportLayer.cs:line 66
   at AppedoLTController.Controller.DoWork() in e:\AppedoLT\AppedoLT.Controller\Controller.cs:line 86Unable to read data from the transport connection: A connection attempt failed because the connected party did not properly respond after a period of time, or established connection failed because connected host has failed to respond.
---------------------------------------
16:20:59 16 December 2014 
   at System.Data.SQLite.SQLite3.Prepare(SQLiteConnection cnn, String strSql, SQLiteStatement previous, UInt32 timeoutMS, String& strRemain)
   at System.Data.SQLite.SQLiteCommand.BuildNextCommand()
   at System.Data.SQLite.SQLiteCommand.GetStatement(Int32 index)
   at System.Data.SQLite.SQLiteDataReader.NextResult()
   at System.Data.SQLite.SQLiteDataReader..ctor(SQLiteCommand cmd, CommandBehavior behave)
   at System.Data.SQLite.SQLiteCommand.ExecuteReader(CommandBehavior behavior)
   at System.Data.SQLite.SQLiteCommand.ExecuteNonQuery()
   at AppedoLT.DataAccessLayer.ReportMaster.Executequery(String reportName, String query) in e:\AppedoLT\AppedoLT.DataAccessLayer\ReportMaster.cs:line 621SQLite error
no such table: AM.reportdata
---------------------------------------
16:20:59 16 December 2014 
   at System.Data.SQLite.SQLite3.Prepare(SQLiteConnection cnn, String strSql, SQLiteStatement previous, UInt32 timeoutMS, String& strRemain)
   at System.Data.SQLite.SQLiteCommand.BuildNextCommand()
   at System.Data.SQLite.SQLiteCommand.GetStatement(Int32 index)
   at System.Data.SQLite.SQLiteDataReader.NextResult()
   at System.Data.SQLite.SQLiteDataReader..ctor(SQLiteCommand cmd, CommandBehavior behave)
   at System.Data.SQLite.SQLiteCommand.ExecuteReader(CommandBehavior behavior)
   at System.Data.SQLite.SQLiteCommand.ExecuteReader()
   at AppedoLT.DataAccessLayer.Result.GetReader(String query, SQLiteConnection _con) in e:\AppedoLT\AppedoLT.DataAccessLayer\Result.cs:line 594
   at AppedoLT.DataAccessLayer.Result.GetSummaryReportByScript(String reportName, XmlNode runNode) in e:\AppedoLT\AppedoLT.DataAccessLayer\Result.cs:line 366SQLite error
no such table: requests_12
---------------------------------------
16:21:54 16 December 2014 
   at System.Net.Sockets.NetworkStream.Read(Byte[] buffer, Int32 offset, Int32 size)
   at AppedoLT.Core.Trasport.ReadHeader(Stream stream) in e:\AppedoLT\AppedoLT.Core\TrasportLayer.cs:line 136
   at AppedoLT.Core.Trasport.Receive() in e:\AppedoLT\AppedoLT.Core\TrasportLayer.cs:line 66
   at AppedoLTController.ResultFileGenerator.ReceiveAllChartData(String reportName) in e:\AppedoLT\AppedoLT.Controller\ResultFileGenerator.cs:line 265
Unable to read data from the transport connection: An existing connection was forcibly closed by the remote host.
---------------------------------------
16:23:45 16 December 2014 
   at System.Net.Sockets.NetworkStream.Read(Byte[] buffer, Int32 offset, Int32 size)
   at AppedoLT.Core.Trasport.ReadHeader(Stream stream) in e:\AppedoLT\AppedoLT.Core\TrasportLayer.cs:line 136
   at AppedoLT.Core.Trasport.Receive() in e:\AppedoLT\AppedoLT.Core\TrasportLayer.cs:line 66
   at AppedoLTController.ResultFileGenerator.ReceiveAllChartData(String reportName) in e:\AppedoLT\AppedoLT.Controller\ResultFileGenerator.cs:line 265
Unable to read data from the transport connection: A connection attempt failed because the connected party did not properly respond after a period of time, or established connection failed because connected host has failed to respond.
---------------------------------------
