Build started 10-02-2015 15:38:09.
     1>Project "E:\AppedoLT\profilerOBJ\ProfilerOBJ.vcxproj" on node 2 (Rebuild target(s)).
     1>_MASM:
         Assembling amd64\asmhelpers.asm...
       ClCompile:
         C:\Program Files (x86)\Microsoft Visual Studio 12.0\VC\bin\CL.exe /c /Zi /nologo /W3 /WX- /O2 /Ob1 /Oy /D WIN32 /D NDEBUG /D _WINDOWS /D _USRDLL /D PROFILEROBJ_EXPORTS /D _SAMPLES_ /D _WINDLL /D _UNICODE /D UNICODE /GF /Gm- /EHsc /MT /GS /Gy /fp:precise /Zc:wchar_t /Zc:forScope /Fo"Release\\" /Fd"Release\vc120.pdb" /Gz /TP /analyze- /errorReport:prompt attachhelper.cpp ProfilerCallback.cpp ProfilerInfo.cpp
         attachhelper.cpp
         ProfilerCallback.cpp
     1>ProfilerCallback.cpp(1215): warning C4390: ';' : empty controlled statement found; is this the intent?
     1>ProfilerCallback.cpp(1699): warning C4390: ';' : empty controlled statement found; is this the intent?
     1>ProfilerCallback.cpp(4910): warning C4996: 'localtime': This function or variable may be unsafe. Consider using localtime_s instead. To disable deprecation, use _CRT_SECURE_NO_WARNINGS. See online help for details.
                 C:\Program Files (x86)\Microsoft Visual Studio 12.0\VC\include\time.inl(112) : see declaration of 'localtime'
     1>ProfilerCallback.cpp(4960): warning C4996: 'localtime': This function or variable may be unsafe. Consider using localtime_s instead. To disable deprecation, use _CRT_SECURE_NO_WARNINGS. See online help for details.
                 C:\Program Files (x86)\Microsoft Visual Studio 12.0\VC\include\time.inl(112) : see declaration of 'localtime'
         ProfilerInfo.cpp
         Generating Code...
     1>e:\appedolt\profilerobj\profilercallback.cpp(3112): warning C4715: 'ProfilerCallback::SurvivingReferences' : not all control paths return a value
       Link:
         C:\Program Files (x86)\Microsoft Visual Studio 12.0\VC\bin\link.exe /ERRORREPORT:PROMPT /OUT:"E:\AppedoLT\Win32\Release\ProfilerOBJ.dll" /INCREMENTAL:NO /NOLOGO corguids.lib winmm.lib kernel32.lib user32.lib gdi32.lib winspool.lib comdlg32.lib advapi32.lib shell32.lib ole32.lib oleaut32.lib uuid.lib odbc32.lib odbccp32.lib /DEF:"profilerOBJ.def" /MANIFEST /MANIFESTUAC:"level='asInvoker' uiAccess='false'" /manifest:embed /DEBUG /PDB:"E:\AppedoLT\Win32\Release\ProfilerOBJ.pdb" /SUBSYSTEM:WINDOWS /OPT:REF /OPT:ICF /TLBID:1 /DYNAMICBASE /NXCOMPAT /IMPLIB:"E:\AppedoLT\Win32\Release\ProfilerOBJ.lib" /MACHINE:X86 /SAFESEH /debugtype:cv,fixup /DLL Release\attachhelper.obj
         Release\ProfilerCallback.obj
         Release\ProfilerInfo.obj
            Creating library E:\AppedoLT\Win32\Release\ProfilerOBJ.lib and object E:\AppedoLT\Win32\Release\ProfilerOBJ.exp
     1>corguids.lib(corprof_i.obj) : warning LNK4099: PDB 'corguids.pdb' was not found with 'corguids.lib(corprof_i.obj)' or at 'E:\AppedoLT\Win32\Release\corguids.pdb'; linking object as if no debug info
         ProfilerOBJ.vcxproj -> E:\AppedoLT\Win32\Release\ProfilerOBJ.dll
     1>Done Building Project "E:\AppedoLT\profilerOBJ\ProfilerOBJ.vcxproj" (Rebuild target(s)).

Build succeeded.

Time Elapsed 00:00:06.45
