Log Entry : 
14:57:27 23 September 2014 
--Log entry goes here--
   at System.IO.__Error.WinIOError(Int32 errorCode, String maybeFullPath)
   at System.IO.FileSystemEnumerableIterator`1.CommonInit()
   at System.IO.FileSystemEnumerableIterator`1..ctor(String path, String originalUserPath, String searchPattern, SearchOption searchOption, SearchResultHandler`1 resultHandler, Boolean checkHost)
   at System.IO.DirectoryInfo.InternalGetDirectories(String searchPattern, SearchOption searchOption)
   at System.IO.DirectoryInfo.GetDirectories()
   at DataAccessLayer.Result.GetReportNameList(String ReportName) in d:\Rasith\Floodgates\DataAccessLayer\Result.cs:line 41
   at Floodgates.userControlCharts.LoadReportName(String repoerName) in d:\Rasith\Floodgates\Floodgates\Report\userControlCharts.cs:line 29Could not find a part of the path 'D:\Rasith\Floodgates\Floodgates\bin\x86\Debug\Data'.
---------------------------------------
Log Entry : 
14:57:32 23 September 2014 
--Log entry goes here--
   at System.IO.__Error.WinIOError(Int32 errorCode, String maybeFullPath)
   at System.IO.FileSystemEnumerableIterator`1.CommonInit()
   at System.IO.FileSystemEnumerableIterator`1..ctor(String path, String originalUserPath, String searchPattern, SearchOption searchOption, SearchResultHandler`1 resultHandler, Boolean checkHost)
   at System.IO.DirectoryInfo.InternalGetDirectories(String searchPattern, SearchOption searchOption)
   at System.IO.DirectoryInfo.GetDirectories()
   at DataAccessLayer.Result.GetReportNameList(String ReportName) in d:\Rasith\Floodgates\DataAccessLayer\Result.cs:line 41
   at Floodgates.userControlReports.LoadReportName(String repoerName) in d:\Rasith\Floodgates\Floodgates\Report\userControlReports.cs:line 66Could not find a part of the path 'D:\Rasith\Floodgates\Floodgates\bin\x86\Debug\Data'.
---------------------------------------
Log Entry : 
14:57:32 23 September 2014 
--Log entry goes here--
   at System.IO.__Error.WinIOError(Int32 errorCode, String maybeFullPath)
   at System.IO.FileSystemEnumerableIterator`1.CommonInit()
   at System.IO.FileSystemEnumerableIterator`1..ctor(String path, String originalUserPath, String searchPattern, SearchOption searchOption, SearchResultHandler`1 resultHandler, Boolean checkHost)
   at System.IO.DirectoryInfo.InternalGetDirectories(String searchPattern, SearchOption searchOption)
   at System.IO.DirectoryInfo.GetDirectories()
   at DataAccessLayer.Result.GetReportNameList(String ReportName) in d:\Rasith\Floodgates\DataAccessLayer\Result.cs:line 41
   at Floodgates.Design.LoadReportName(String repoerName) in d:\Rasith\Floodgates\Floodgates\Design.cs:line 165Could not find a part of the path 'D:\Rasith\Floodgates\Floodgates\bin\x86\Debug\Data'.
---------------------------------------
Log Entry : 
14:58:20 23 September 2014 
--Log entry goes here--
   at System.IO.__Error.WinIOError(Int32 errorCode, String maybeFullPath)
   at System.IO.FileSystemEnumerableIterator`1.CommonInit()
   at System.IO.FileSystemEnumerableIterator`1..ctor(String path, String originalUserPath, String searchPattern, SearchOption searchOption, SearchResultHandler`1 resultHandler, Boolean checkHost)
   at System.IO.DirectoryInfo.InternalGetDirectories(String searchPattern, SearchOption searchOption)
   at System.IO.DirectoryInfo.GetDirectories()
   at DataAccessLayer.Result.GetReportNameList(String ReportName) in d:\Rasith\Floodgates\DataAccessLayer\Result.cs:line 41
   at Floodgates.userControlCharts.LoadReportName(String repoerName) in d:\Rasith\Floodgates\Floodgates\Report\userControlCharts.cs:line 29Could not find a part of the path 'D:\Rasith\Floodgates\Floodgates\bin\x86\Debug\Data'.
---------------------------------------
