Build started 28-08-2014 15:14:05.
     1>Project "D:\Rasith\CLRProfiler45Source\ProfilerOBJ\ProfilerOBJ.vcxproj" on node 4 (Rebuild target(s)).
     1>_MASM:
         Assembling amd64\asmhelpers.asm...
         cmd.exe /C "C:\Users\Administrator\AppData\Local\Temp\tmp6011fa61c17f41c5b0d2fb2defec9296.cmd"
         ml64.exe /c /nologo /Zi /Fo"x64\Debug\asmhelpers.obj" /W3 /errorReport:prompt  /Taamd64\asmhelpers.asm
       ClCompile:
         C:\Program Files (x86)\Microsoft Visual Studio 12.0\VC\bin\x86_amd64\CL.exe /c /Zi /nologo /W3 /WX- /Od /D WIN32 /D _DEBUG /D _WINDOWS /D _USRDLL /D PROFILEROBJ_EXPORTS /D _SAMPLES_ /D _WINDLL /D _UNICODE /D UNICODE /Gm- /EHsc /RTC1 /MTd /GS /fp:precise /Zc:wchar_t /Zc:forScope /Fo"x64\Debug\\" /Fd"x64\Debug\vc120.pdb" /Gz /TP /errorReport:prompt attachhelper.cpp ProfilerCallback.cpp ProfilerInfo.cpp
         attachhelper.cpp
         ProfilerCallback.cpp
     1>ProfilerCallback.cpp(1202): warning C4390: ';' : empty controlled statement found; is this the intent?
     1>ProfilerCallback.cpp(1686): warning C4390: ';' : empty controlled statement found; is this the intent?
         ProfilerInfo.cpp
         Generating Code...
     1>d:\rasith\clrprofiler45source\profilerobj\profilercallback.cpp(3103): warning C4715: 'ProfilerCallback::SurvivingReferences' : not all control paths return a value
       Link:
         C:\Program Files (x86)\Microsoft Visual Studio 12.0\VC\bin\x86_amd64\link.exe /ERRORREPORT:PROMPT /OUT:"D:\Rasith\CLRProfiler45Source\x64\Debug\ProfilerOBJ.dll" /INCREMENTAL:NO /NOLOGO corguids.lib winmm.lib kernel32.lib user32.lib gdi32.lib winspool.lib comdlg32.lib advapi32.lib shell32.lib ole32.lib oleaut32.lib uuid.lib odbc32.lib odbccp32.lib /DEF:"profilerOBJ.def" /MANIFEST /MANIFESTUAC:"level='asInvoker' uiAccess='false'" /manifest:embed /DEBUG /PDB:"D:\Rasith\CLRProfiler45Source\x64\Debug\ProfilerOBJ.pdb" /SUBSYSTEM:WINDOWS /TLBID:1 /DYNAMICBASE /NXCOMPAT /IMPLIB:"D:\Rasith\CLRProfiler45Source\x64\Debug\ProfilerOBJ.lib" /MACHINE:X64 /debugtype:cv,fixup /DLL x64\Debug\attachhelper.obj
         x64\Debug\ProfilerCallback.obj
         x64\Debug\ProfilerInfo.obj
         x64\Debug\asmhelpers.obj
            Creating library D:\Rasith\CLRProfiler45Source\x64\Debug\ProfilerOBJ.lib and object D:\Rasith\CLRProfiler45Source\x64\Debug\ProfilerOBJ.exp
     1>corguids.lib(corprof_i.obj) : warning LNK4099: PDB 'corguids.pdb' was not found with 'corguids.lib(corprof_i.obj)' or at 'D:\Rasith\CLRProfiler45Source\x64\Debug\corguids.pdb'; linking object as if no debug info
         ProfilerOBJ.vcxproj -> D:\Rasith\CLRProfiler45Source\x64\Debug\ProfilerOBJ.dll
     1>Done Building Project "D:\Rasith\CLRProfiler45Source\ProfilerOBJ\ProfilerOBJ.vcxproj" (Rebuild target(s)).

Build succeeded.

Time Elapsed 00:00:03.97
