15:05:20 16 December 2014 
   at AppedoLTLoadGenerator.LoadGenerator.<>c__DisplayClass1.<worker_DoWork>b__0() in e:\AppedoLT\AppedoLT.LoadGenerator\frmLoadGenerator.cs:line 196Object reference not set to an instance of an object.
---------------------------------------
15:09:52 16 December 2014 
   at System.Net.Sockets.Socket.Send(Byte[] buffer)
   at AppedoLT.Core.Trasport.Send(TrasportData objTrasportData) in e:\AppedoLT\AppedoLT.Core\TrasportLayer.cs:line 87
   at AppedoLTLoadGenerator.LoadGenerator.<>c__DisplayClass1.<worker_DoWork>b__0() in e:\AppedoLT\AppedoLT.LoadGenerator\frmLoadGenerator.cs:line 162An existing connection was forcibly closed by the remote host
---------------------------------------
15:21:35 16 December 2014 
   at AppedoLTLoadGenerator.LoadGenerator.<>c__DisplayClass1.<worker_DoWork>b__0() in e:\AppedoLT\AppedoLT.LoadGenerator\frmLoadGenerator.cs:line 198Object reference not set to an instance of an object.
---------------------------------------
15:23:41 16 December 2014 
   at AppedoLTLoadGenerator.LoadGenerator.<>c__DisplayClass1.<worker_DoWork>b__0() in e:\AppedoLT\AppedoLT.LoadGenerator\frmLoadGenerator.cs:line 198Object reference not set to an instance of an object.
---------------------------------------
15:24:07 16 December 2014 
   at AppedoLTLoadGenerator.LoadGenerator.<>c__DisplayClass1.<worker_DoWork>b__0() in e:\AppedoLT\AppedoLT.LoadGenerator\frmLoadGenerator.cs:line 133Object reference not set to an instance of an object.
---------------------------------------
15:24:27 16 December 2014 
   at AppedoLTLoadGenerator.LoadGenerator.<>c__DisplayClass1.<worker_DoWork>b__0() in e:\AppedoLT\AppedoLT.LoadGenerator\frmLoadGenerator.cs:line 133Object reference not set to an instance of an object.
---------------------------------------
15:24:37 16 December 2014 
   at AppedoLTLoadGenerator.LoadGenerator.<>c__DisplayClass1.<worker_DoWork>b__0() in e:\AppedoLT\AppedoLT.LoadGenerator\frmLoadGenerator.cs:line 133Object reference not set to an instance of an object.
---------------------------------------
15:24:52 16 December 2014 
   at AppedoLTLoadGenerator.LoadGenerator.<>c__DisplayClass1.<worker_DoWork>b__0() in e:\AppedoLT\AppedoLT.LoadGenerator\frmLoadGenerator.cs:line 133Object reference not set to an instance of an object.
---------------------------------------
15:25:07 16 December 2014 
   at AppedoLTLoadGenerator.LoadGenerator.<>c__DisplayClass1.<worker_DoWork>b__0() in e:\AppedoLT\AppedoLT.LoadGenerator\frmLoadGenerator.cs:line 133Object reference not set to an instance of an object.
---------------------------------------
15:25:22 16 December 2014 
   at AppedoLTLoadGenerator.LoadGenerator.<>c__DisplayClass1.<worker_DoWork>b__0() in e:\AppedoLT\AppedoLT.LoadGenerator\frmLoadGenerator.cs:line 133Object reference not set to an instance of an object.
---------------------------------------
15:25:52 16 December 2014 
   at AppedoLTLoadGenerator.LoadGenerator.<>c__DisplayClass1.<worker_DoWork>b__0() in e:\AppedoLT\AppedoLT.LoadGenerator\frmLoadGenerator.cs:line 197Object reference not set to an instance of an object.
---------------------------------------
15:27:49 16 December 2014 
   at AppedoLTLoadGenerator.LoadGenerator.<>c__DisplayClass1.<worker_DoWork>b__0() in e:\AppedoLT\AppedoLT.LoadGenerator\frmLoadGenerator.cs:line 197Object reference not set to an instance of an object.
---------------------------------------
15:51:07 16 December 2014 
   at AppedoLTLoadGenerator.LoadGenerator.<>c__DisplayClass1.<worker_DoWork>b__0() in e:\AppedoLT\AppedoLT.LoadGenerator\frmLoadGenerator.cs:line 197Object reference not set to an instance of an object.
---------------------------------------
18:54:07 18 December 2014 
The process cannot access the file 'E:\AppedoLT\AppedoLT.LoadGenerator\bin\Debug\out.txt' because it is being used by another process.
   at System.IO.__Error.WinIOError(Int32 errorCode, String maybeFullPath)
   at System.IO.FileStream.Init(String path, FileMode mode, FileAccess access, Int32 rights, Boolean useRights, FileShare share, Int32 bufferSize, FileOptions options, SECURITY_ATTRIBUTES secAttrs, String msgPath, Boolean bFromProxy, Boolean useLongPath, Boolean checkHost)
   at System.IO.FileStream..ctor(String path, FileMode mode, FileAccess access, FileShare share, Int32 bufferSize, FileOptions options, String msgPath, Boolean bFromProxy)
   at System.IO.FileStream..ctor(String path, FileMode mode)
   at AppedoLT.DataAccessLayer.DataServer.ClearData() in e:\AppedoLT\AppedoLT.DataAccessLayer\DataServer.cs:line 259
---------------------------------------
18:57:52 18 December 2014 
The process cannot access the file 'E:\AppedoLT\AppedoLT.LoadGenerator\bin\Debug\out.txt' because it is being used by another process.
   at System.IO.__Error.WinIOError(Int32 errorCode, String maybeFullPath)
   at System.IO.FileStream.Init(String path, FileMode mode, FileAccess access, Int32 rights, Boolean useRights, FileShare share, Int32 bufferSize, FileOptions options, SECURITY_ATTRIBUTES secAttrs, String msgPath, Boolean bFromProxy, Boolean useLongPath, Boolean checkHost)
   at System.IO.FileStream..ctor(String path, FileMode mode, FileAccess access, FileShare share, Int32 bufferSize, FileOptions options, String msgPath, Boolean bFromProxy)
   at System.IO.FileStream..ctor(String path, FileMode mode)
   at AppedoLT.DataAccessLayer.DataServer.ClearData() in e:\AppedoLT\AppedoLT.DataAccessLayer\DataServer.cs:line 259
---------------------------------------
19:04:39 18 December 2014 
The process cannot access the file 'E:\AppedoLT\AppedoLT.LoadGenerator\bin\Debug\out.txt' because it is being used by another process.
   at System.IO.__Error.WinIOError(Int32 errorCode, String maybeFullPath)
   at System.IO.FileStream.Init(String path, FileMode mode, FileAccess access, Int32 rights, Boolean useRights, FileShare share, Int32 bufferSize, FileOptions options, SECURITY_ATTRIBUTES secAttrs, String msgPath, Boolean bFromProxy, Boolean useLongPath, Boolean checkHost)
   at System.IO.FileStream..ctor(String path, FileMode mode, FileAccess access, FileShare share, Int32 bufferSize, FileOptions options, String msgPath, Boolean bFromProxy)
   at System.IO.FileStream..ctor(String path, FileMode mode)
   at AppedoLT.DataAccessLayer.DataServer.ClearData() in e:\AppedoLT\AppedoLT.DataAccessLayer\DataServer.cs:line 259
---------------------------------------
19:04:39 18 December 2014 
   at AppedoLTLoadGenerator.LoadGenerator.<>c__DisplayClass1.<worker_DoWork>b__0() in e:\AppedoLT\AppedoLT.LoadGenerator\frmLoadGenerator.cs:line 197Object reference not set to an instance of an object.
---------------------------------------
11:50:29 19 December 2014 
   at AppedoLTLoadGenerator.LoadGenerator.<>c__DisplayClass1.<worker_DoWork>b__0() in e:\AppedoLT\AppedoLT.LoadGenerator\frmLoadGenerator.cs:line 197Object reference not set to an instance of an object.
---------------------------------------
