Log Entry : 
17:25:53 02 December 2014 
--Log entry goes here--
   at System.Collections.Generic.Dictionary`2.get_Item(TKey key)
   at AppedoLTLoadGenerator.LoadGenerator.<>c__DisplayClass1.<worker_DoWork>b__0() in d:\Rasith\AppedoLT\AppedoLT.LoadGenerator\frmLoadGenerator.cs:line 165The given key was not present in the dictionary.
---------------------------------------
Log Entry : 
17:26:08 02 December 2014 
--Log entry goes here--
   at System.Data.SQLite.SQLiteDataReader.VerifyType(Int32 i, DbType typ)
   at System.Data.SQLite.SQLiteDataReader.GetDateTime(Int32 i)
   at AppedoLT.DataAccessLayer.ReportMaster..ctor(String reportName, DateTime ScenarioStartTime, String loagGenName) in d:\Rasith\AppedoLT\AppedoLT.DataAccessLayer\ReportMaster.cs:line 106Specified cast is not valid.
---------------------------------------
Log Entry : 
17:27:31 02 December 2014 
--Log entry goes here--
   at System.Data.SQLite.SQLiteDataReader.VerifyType(Int32 i, DbType typ)
   at System.Data.SQLite.SQLiteDataReader.GetDateTime(Int32 i)
   at AppedoLT.DataAccessLayer.ReportMaster..ctor(String reportName, DateTime ScenarioStartTime, String loagGenName) in d:\Rasith\AppedoLT\AppedoLT.DataAccessLayer\ReportMaster.cs:line 106Specified cast is not valid.
---------------------------------------
Log Entry : 
17:27:46 02 December 2014 
--Log entry goes here--
   at System.Collections.Generic.Dictionary`2.get_Item(TKey key)
   at AppedoLTLoadGenerator.LoadGenerator.<>c__DisplayClass1.<worker_DoWork>b__0() in d:\Rasith\AppedoLT\AppedoLT.LoadGenerator\frmLoadGenerator.cs:line 165The given key was not present in the dictionary.
---------------------------------------
Log Entry : 
17:31:29 02 December 2014 
--Log entry goes here--
   at System.Collections.Generic.Dictionary`2.get_Item(TKey key)
   at AppedoLTLoadGenerator.LoadGenerator.<>c__DisplayClass1.<worker_DoWork>b__0() in d:\Rasith\AppedoLT\AppedoLT.LoadGenerator\frmLoadGenerator.cs:line 165The given key was not present in the dictionary.
---------------------------------------
Log Entry : 
17:41:58 02 December 2014 
--Log entry goes here--
   at System.Collections.Generic.Dictionary`2.get_Item(TKey key)
   at AppedoLTLoadGenerator.LoadGenerator.<>c__DisplayClass1.<worker_DoWork>b__0() in d:\Rasith\AppedoLT\AppedoLT.LoadGenerator\frmLoadGenerator.cs:line 165The given key was not present in the dictionary.
---------------------------------------
Log Entry : 
17:55:17 02 December 2014 
--Log entry goes here--
   at System.IO.FileStream.get_Length()
   at AppedoLTLoadGenerator.RunScenario.StatusUpdateTimer_Tick(Object sender, EventArgs e) in d:\Rasith\AppedoLT\AppedoLT.LoadGenerator\RunScenario.cs:line 75Cannot access a closed file.
---------------------------------------
Log Entry : 
17:57:44 02 December 2014 
--Log entry goes here--
   at System.Net.Sockets.Socket.Send(Byte[] buffer)
   at AppedoLT.Core.Trasport.Send(TrasportData objTrasportData) in d:\Rasith\AppedoLT\AppedoLT.Core\TrasportLayer.cs:line 87
   at AppedoLTLoadGenerator.LoadGenerator.<>c__DisplayClass1.<worker_DoWork>b__0() in d:\Rasith\AppedoLT\AppedoLT.LoadGenerator\frmLoadGenerator.cs:line 131An existing connection was forcibly closed by the remote host
---------------------------------------
Log Entry : 
17:57:44 02 December 2014 
--Log entry goes here--
   at System.Net.Sockets.NetworkStream.Read(Byte[] buffer, Int32 offset, Int32 size)
   at AppedoLT.Core.Trasport.ReadHeader(Stream stream) in d:\Rasith\AppedoLT\AppedoLT.Core\TrasportLayer.cs:line 136
   at AppedoLT.Core.Trasport.Receive() in d:\Rasith\AppedoLT\AppedoLT.Core\TrasportLayer.cs:line 66
   at AppedoLTLoadGenerator.LoadGenerator.<>c__DisplayClass1.<worker_DoWork>b__0() in d:\Rasith\AppedoLT\AppedoLT.LoadGenerator\frmLoadGenerator.cs:line 64Unable to read data from the transport connection: An existing connection was forcibly closed by the remote host.
---------------------------------------
Log Entry : 
17:57:44 02 December 2014 
--Log entry goes here--
   at System.Net.Sockets.NetworkStream.Read(Byte[] buffer, Int32 offset, Int32 size)
   at AppedoLT.Core.Trasport.ReadHeader(Stream stream) in d:\Rasith\AppedoLT\AppedoLT.Core\TrasportLayer.cs:line 136
   at AppedoLT.Core.Trasport.Receive() in d:\Rasith\AppedoLT\AppedoLT.Core\TrasportLayer.cs:line 66
   at AppedoLTLoadGenerator.LoadGenerator.<>c__DisplayClass1.<worker_DoWork>b__0() in d:\Rasith\AppedoLT\AppedoLT.LoadGenerator\frmLoadGenerator.cs:line 64Unable to read data from the transport connection: An existing connection was forcibly closed by the remote host.
---------------------------------------
Log Entry : 
17:58:14 02 December 2014 
--Log entry goes here--
   at System.Collections.Generic.Dictionary`2.get_Item(TKey key)
   at AppedoLTLoadGenerator.LoadGenerator.<>c__DisplayClass1.<worker_DoWork>b__0() in d:\Rasith\AppedoLT\AppedoLT.LoadGenerator\frmLoadGenerator.cs:line 165The given key was not present in the dictionary.
---------------------------------------
Log Entry : 
18:10:29 02 December 2014 
--Log entry goes here--
   at System.Collections.Generic.Dictionary`2.get_Item(TKey key)
   at AppedoLTLoadGenerator.LoadGenerator.<>c__DisplayClass1.<worker_DoWork>b__0() in d:\Rasith\AppedoLT\AppedoLT.LoadGenerator\frmLoadGenerator.cs:line 165The given key was not present in the dictionary.
---------------------------------------
Log Entry : 
18:21:05 02 December 2014 
--Log entry goes here--
   at System.Collections.Generic.Dictionary`2.get_Item(TKey key)
   at AppedoLTLoadGenerator.LoadGenerator.<>c__DisplayClass1.<worker_DoWork>b__0() in d:\Rasith\AppedoLT\AppedoLT.LoadGenerator\frmLoadGenerator.cs:line 165The given key was not present in the dictionary.
---------------------------------------
Log Entry : 
18:23:50 02 December 2014 
--Log entry goes here--
   at System.Collections.Generic.Dictionary`2.get_Item(TKey key)
   at AppedoLTLoadGenerator.LoadGenerator.<>c__DisplayClass1.<worker_DoWork>b__0() in d:\Rasith\AppedoLT\AppedoLT.LoadGenerator\frmLoadGenerator.cs:line 165The given key was not present in the dictionary.
---------------------------------------
Log Entry : 
18:32:33 02 December 2014 
--Log entry goes here--
   at System.Collections.Generic.Dictionary`2.get_Item(TKey key)
   at AppedoLTLoadGenerator.LoadGenerator.<>c__DisplayClass1.<worker_DoWork>b__0() in d:\Rasith\AppedoLT\AppedoLT.LoadGenerator\frmLoadGenerator.cs:line 165The given key was not present in the dictionary.
---------------------------------------
Log Entry : 
18:34:28 02 December 2014 
--Log entry goes here--
   at System.Collections.Generic.Dictionary`2.get_Item(TKey key)
   at AppedoLTLoadGenerator.LoadGenerator.<>c__DisplayClass1.<worker_DoWork>b__0() in d:\Rasith\AppedoLT\AppedoLT.LoadGenerator\frmLoadGenerator.cs:line 165The given key was not present in the dictionary.
---------------------------------------
Log Entry : 
18:41:03 02 December 2014 
--Log entry goes here--
   at System.Collections.Generic.Dictionary`2.get_Item(TKey key)
   at AppedoLTLoadGenerator.LoadGenerator.<>c__DisplayClass1.<worker_DoWork>b__0() in d:\Rasith\AppedoLT\AppedoLT.LoadGenerator\frmLoadGenerator.cs:line 165The given key was not present in the dictionary.
---------------------------------------
Log Entry : 
13:16:20 03 December 2014 
--Log entry goes here--
   at System.Collections.Generic.Dictionary`2.get_Item(TKey key)
   at AppedoLTLoadGenerator.LoadGenerator.<>c__DisplayClass1.<worker_DoWork>b__0() in d:\Rasith\AppedoLT\AppedoLT.LoadGenerator\frmLoadGenerator.cs:line 165The given key was not present in the dictionary.
---------------------------------------
Log Entry : 
13:32:03 03 December 2014 
--Log entry goes here--
   at MS.Internal.Xml.XPath.XPathParser.CheckToken(LexKind t)
   at MS.Internal.Xml.XPath.XPathParser.ParsePredicate(AstNode qyInput)
   at MS.Internal.Xml.XPath.XPathParser.ParseStep(AstNode qyInput)
   at MS.Internal.Xml.XPath.XPathParser.ParseRelativeLocationPath(AstNode qyInput)
   at MS.Internal.Xml.XPath.XPathParser.ParsePathExpr(AstNode qyInput)
   at MS.Internal.Xml.XPath.XPathParser.ParseUnionExpr(AstNode qyInput)
   at MS.Internal.Xml.XPath.XPathParser.ParseMultiplicativeExpr(AstNode qyInput)
   at MS.Internal.Xml.XPath.XPathParser.ParseRelationalExpr(AstNode qyInput)
   at MS.Internal.Xml.XPath.XPathParser.ParseAndExpr(AstNode qyInput)
   at MS.Internal.Xml.XPath.XPathParser.ParseExpresion(AstNode qyInput)
   at MS.Internal.Xml.XPath.QueryBuilder.Build(String query, Boolean allowVar, Boolean allowKey)
   at System.Xml.XPath.XPathExpression.Compile(String xpath, IXmlNamespaceResolver nsResolver)
   at System.Xml.XPath.XPathNavigator.Select(String xpath)
   at System.Xml.XmlNode.SelectSingleNode(String xpath)
   at AppedoLTLoadGenerator.LoadGenerator.<>c__DisplayClass1.<worker_DoWork>b__0() in d:\Rasith\AppedoLT\AppedoLT.LoadGenerator\frmLoadGenerator.cs:line 167'//runs/run[@runid='681'' has an invalid token.
---------------------------------------
Log Entry : 
15:28:32 03 December 2014 
--Log entry goes here--
Thread was being aborted.
   at System.Threading.Thread.SleepInternal(Int32 millisecondsTimeout)
   at AppedoLT.BusinessLogic.VUser.ExecuteContainer(XmlNode container) in d:\Rasith\AppedoLT\AppedoLT.BusinessLogic\VUser.cs:line 339
---------------------------------------
Log Entry : 
15:31:13 03 December 2014 
--Log entry goes here--
   at MS.Internal.Xml.XPath.XPathParser.CheckToken(LexKind t)
   at MS.Internal.Xml.XPath.XPathParser.ParsePredicate(AstNode qyInput)
   at MS.Internal.Xml.XPath.XPathParser.ParseStep(AstNode qyInput)
   at MS.Internal.Xml.XPath.XPathParser.ParseRelativeLocationPath(AstNode qyInput)
   at MS.Internal.Xml.XPath.XPathParser.ParsePathExpr(AstNode qyInput)
   at MS.Internal.Xml.XPath.XPathParser.ParseUnionExpr(AstNode qyInput)
   at MS.Internal.Xml.XPath.XPathParser.ParseMultiplicativeExpr(AstNode qyInput)
   at MS.Internal.Xml.XPath.XPathParser.ParseRelationalExpr(AstNode qyInput)
   at MS.Internal.Xml.XPath.XPathParser.ParseAndExpr(AstNode qyInput)
   at MS.Internal.Xml.XPath.XPathParser.ParseExpresion(AstNode qyInput)
   at MS.Internal.Xml.XPath.QueryBuilder.Build(String query, Boolean allowVar, Boolean allowKey)
   at System.Xml.XPath.XPathExpression.Compile(String xpath, IXmlNamespaceResolver nsResolver)
   at System.Xml.XPath.XPathNavigator.Select(String xpath)
   at System.Xml.XmlNode.SelectSingleNode(String xpath)
   at AppedoLTLoadGenerator.LoadGenerator.<>c__DisplayClass1.<worker_DoWork>b__0() in d:\Rasith\AppedoLT\AppedoLT.LoadGenerator\frmLoadGenerator.cs:line 169'//runs/run[@runid='683'' has an invalid token.
---------------------------------------
Log Entry : 
15:33:50 03 December 2014 
--Log entry goes here--
   at MS.Internal.Xml.XPath.XPathParser.CheckToken(LexKind t)
   at MS.Internal.Xml.XPath.XPathParser.ParsePredicate(AstNode qyInput)
   at MS.Internal.Xml.XPath.XPathParser.ParseStep(AstNode qyInput)
   at MS.Internal.Xml.XPath.XPathParser.ParseRelativeLocationPath(AstNode qyInput)
   at MS.Internal.Xml.XPath.XPathParser.ParsePathExpr(AstNode qyInput)
   at MS.Internal.Xml.XPath.XPathParser.ParseUnionExpr(AstNode qyInput)
   at MS.Internal.Xml.XPath.XPathParser.ParseMultiplicativeExpr(AstNode qyInput)
   at MS.Internal.Xml.XPath.XPathParser.ParseRelationalExpr(AstNode qyInput)
   at MS.Internal.Xml.XPath.XPathParser.ParseAndExpr(AstNode qyInput)
   at MS.Internal.Xml.XPath.XPathParser.ParseExpresion(AstNode qyInput)
   at MS.Internal.Xml.XPath.QueryBuilder.Build(String query, Boolean allowVar, Boolean allowKey)
   at System.Xml.XPath.XPathExpression.Compile(String xpath, IXmlNamespaceResolver nsResolver)
   at System.Xml.XPath.XPathNavigator.Select(String xpath)
   at System.Xml.XmlNode.SelectSingleNode(String xpath)
   at AppedoLTLoadGenerator.LoadGenerator.<>c__DisplayClass1.<worker_DoWork>b__0() in d:\Rasith\AppedoLT\AppedoLT.LoadGenerator\frmLoadGenerator.cs:line 169'//runs/run[@runid='684'' has an invalid token.
---------------------------------------
Log Entry : 
15:40:39 03 December 2014 
--Log entry goes here--
   at System.Net.Sockets.Socket.Send(Byte[] buffer, Int32 offset, Int32 size, SocketFlags socketFlags)
   at AppedoLT.Core.Trasport.Send(TrasportData objTrasportData) in d:\Rasith\AppedoLT\AppedoLT.Core\TrasportLayer.cs:line 101
   at AppedoLTLoadGenerator.LoadGenerator.<>c__DisplayClass1.<worker_DoWork>b__0() in d:\Rasith\AppedoLT\AppedoLT.LoadGenerator\frmLoadGenerator.cs:line 161An existing connection was forcibly closed by the remote host
---------------------------------------
